{"meta": {"format": 3, "version": "7.13.1", "timestamp": "2026-01-03T00:20:08.019732", "branch_coverage": true, "show_contexts": false}, "files": {"src/api/dependencies.py": {"executed_lines": [2, 4, 5, 7, 10, 13, 18, 30, 36, 37, 38], "summary": {"covered_lines": 11, "num_statements": 16, "percent_covered": 61.111111111111114, "percent_covered_display": "61", "missing_lines": 5, "excluded_lines": 0, "percent_statements_covered": 68.75, "percent_statements_covered_display": "69", "num_branches": 2, "num_partial_branches": 0, "covered_branches": 0, "missing_branches": 2, "percent_branches_covered": 0.0, "percent_branches_covered_display": "0"}, "missing_lines": [15, 22, 23, 27, 32], "excluded_lines": [], "executed_branches": [], "missing_branches": [[22, 23], [22, 27]], "functions": {"get_session_id": {"executed_lines": [], "summary": {"covered_lines": 0, "num_statements": 1, "percent_covered": 0.0, "percent_covered_display": "0", "missing_lines": 1, "excluded_lines": 0, "percent_statements_covered": 0.0, "percent_statements_covered_display": "0", "num_branches": 0, "num_partial_branches": 0, "covered_branches": 0, "missing_branches": 0, "percent_branches_covered": 100.0, "percent_branches_covered_display": "100"}, "missing_lines": [15], "excluded_lines": [], "start_line": 13, "executed_branches": [], "missing_branches": []}, "require_session_id": {"executed_lines": [], "summary": {"covered_lines": 0, "num_statements": 3, "percent_covered": 0.0, "percent_covered_display": "0", "missing_lines": 3, "excluded_lines": 0, "percent_statements_covered": 0.0, "percent_statements_covered_display": "0", "num_branches": 2, "num_partial_branches": 0, "covered_branches": 0, "missing_branches": 2, "percent_branches_covered": 0.0, "percent_branches_covered_display": "0"}, "missing_lines": [22, 23, 27], "excluded_lines": [], "start_line": 18, "executed_branches": [], "missing_branches": [[22, 23], [22, 27]]}, "get_current_user": {"executed_lines": [], "summary": {"covered_lines": 0, "num_statements": 1, "percent_covered": 0.0, "percent_covered_display": "0", "missing_lines": 1, "excluded_lines": 0, "percent_statements_covered": 0.0, "percent_statements_covered_display": "0", "num_branches": 0, "num_partial_branches": 0, "covered_branches": 0, "missing_branches": 0, "percent_branches_covered": 100.0, "percent_branches_covered_display": "100"}, "missing_lines": [32], "excluded_lines": [], "start_line": 30, "executed_branches": [], "missing_branches": []}, "": {"executed_lines": [2, 4, 5, 7, 10, 13, 18, 30, 36, 37, 38], "summary": {"covered_lines": 11, "num_statements": 11, "percent_covered": 100.0, "percent_covered_display": "100", "missing_lines": 0, "excluded_lines": 0, "percent_statements_covered": 100.0, "percent_statements_covered_display": "100", "num_branches": 0, "num_partial_branches": 0, "covered_branches": 0, "missing_branches": 0, "percent_branches_covered": 100.0, "percent_branches_covered_display": "100"}, "missing_lines": [], "excluded_lines": [], "start_line": 1, "executed_branches": [], "missing_branches": []}}, "classes": {"": {"executed_lines": [2, 4, 5, 7, 10, 13, 18, 30, 36, 37, 38], "summary": {"covered_lines": 11, "num_statements": 16, "percent_covered": 61.111111111111114, "percent_covered_display": "61", "missing_lines": 5, "excluded_lines": 0, "percent_statements_covered": 68.75, "percent_statements_covered_display": "69", "num_branches": 2, "num_partial_branches": 0, "covered_branches": 0, "missing_branches": 2, "percent_branches_covered": 0.0, "percent_branches_covered_display": "0"}, "missing_lines": [15, 22, 23, 27, 32], "excluded_lines": [], "start_line": 1, "executed_branches": [], "missing_branches": [[22, 23], [22, 27]]}}}, "src/api/routes/admin.py": {"executed_lines": [4, 6, 7, 9, 10, 11, 12, 13, 15, 18, 39, 40, 54, 55, 75, 76, 104, 105, 131, 132, 195, 196, 221, 222, 247, 248, 273, 274, 294, 295, 332, 333], "summary": {"covered_lines": 32, "num_statements": 101, "percent_covered": 28.82882882882883, "percent_covered_display": "29", "missing_lines": 69, "excluded_lines": 0, "percent_statements_covered": 31.683168316831683, "percent_statements_covered_display": "32", "num_branches": 10, "num_partial_branches": 0, "covered_branches": 0, "missing_branches": 10, "percent_branches_covered": 0.0, "percent_branches_covered_display": "0"}, "missing_lines": [27, 30, 31, 32, 33, 36, 49, 50, 51, 70, 71, 72, 93, 94, 95, 96, 100, 101, 120, 121, 122, 123, 127, 128, 146, 147, 148, 151, 152, 155, 158, 161, 164, 167, 186, 188, 189, 210, 211, 212, 213, 214, 215, 236, 237, 238, 239, 240, 241, 262, 263, 264, 265, 266, 267, 283, 284, 285, 286, 287, 288, 313, 314, 319, 323, 325, 346, 348, 350], "excluded_lines": [], "executed_branches": [], "missing_branches": [[30, 31], [30, 36], [32, 33], [32, 36], [95, 96], [95, 100], [122, 123], [122, 127], [313, 314], [313, 319]], "functions": {"verify_admin_access": {"executed_lines": [], "summary": {"covered_lines": 0, "num_statements": 6, "percent_covered": 0.0, "percent_covered_display": "0", "missing_lines": 6, "excluded_lines": 0, "percent_statements_covered": 0.0, "percent_statements_covered_display": "0", "num_branches": 4, "num_partial_branches": 0, "covered_branches": 0, "missing_branches": 4, "percent_branches_covered": 0.0, "percent_branches_covered_display": "0"}, "missing_lines": [27, 30, 31, 32, 33, 36], "excluded_lines": [], "start_line": 18, "executed_branches": [], "missing_branches": [[30, 31], [30, 36], [32, 33], [32, 36]]}, "list_all_experts": {"executed_lines": [], "summary": {"covered_lines": 0, "num_statements": 3, "percent_covered": 0.0, "percent_covered_display": "0", "missing_lines": 3, "excluded_lines": 0, "percent_statements_covered": 0.0, "percent_statements_covered_display": "0", "num_branches": 0, "num_partial_branches": 0, "covered_branches": 0, "missing_branches": 0, "percent_branches_covered": 100.0, "percent_branches_covered_display": "100"}, "missing_lines": [49, 50, 51], "excluded_lines": [], "start_line": 40, "executed_branches": [], "missing_branches": []}, "create_expert_admin": {"executed_lines": [], "summary": {"covered_lines": 0, "num_statements": 3, "percent_covered": 0.0, "percent_covered_display": "0", "missing_lines": 3, "excluded_lines": 0, "percent_statements_covered": 0.0, "percent_statements_covered_display": "0", "num_branches": 0, "num_partial_branches": 0, "covered_branches": 0, "missing_branches": 0, "percent_branches_covered": 100.0, "percent_branches_covered_display": "100"}, "missing_lines": [70, 71, 72], "excluded_lines": [], "start_line": 55, "executed_branches": [], "missing_branches": []}, "update_expert_admin": {"executed_lines": [], "summary": {"covered_lines": 0, "num_statements": 6, "percent_covered": 0.0, "percent_covered_display": "0", "missing_lines": 6, "excluded_lines": 0, "percent_statements_covered": 0.0, "percent_statements_covered_display": "0", "num_branches": 2, "num_partial_branches": 0, "covered_branches": 0, "missing_branches": 2, "percent_branches_covered": 0.0, "percent_branches_covered_display": "0"}, "missing_lines": [93, 94, 95, 96, 100, 101], "excluded_lines": [], "start_line": 76, "executed_branches": [], "missing_branches": [[95, 96], [95, 100]]}, "delete_expert_admin": {"executed_lines": [], "summary": {"covered_lines": 0, "num_statements": 6, "percent_covered": 0.0, "percent_covered_display": "0", "missing_lines": 6, "excluded_lines": 0, "percent_statements_covered": 0.0, "percent_statements_covered_display": "0", "num_branches": 2, "num_partial_branches": 0, "covered_branches": 0, "missing_branches": 2, "percent_branches_covered": 0.0, "percent_branches_covered_display": "0"}, "missing_lines": [120, 121, 122, 123, 127, 128], "excluded_lines": [], "start_line": 105, "executed_branches": [], "missing_branches": [[122, 123], [122, 127]]}, "get_admin_analytics": {"executed_lines": [], "summary": {"covered_lines": 0, "num_statements": 13, "percent_covered": 0.0, "percent_covered_display": "0", "missing_lines": 13, "excluded_lines": 0, "percent_statements_covered": 0.0, "percent_statements_covered_display": "0", "num_branches": 0, "num_partial_branches": 0, "covered_branches": 0, "missing_branches": 0, "percent_branches_covered": 100.0, "percent_branches_covered_display": "100"}, "missing_lines": [146, 147, 148, 151, 152, 155, 158, 161, 164, 167, 186, 188, 189], "excluded_lines": [], "start_line": 132, "executed_branches": [], "missing_branches": []}, "get_conversation_analytics": {"executed_lines": [], "summary": {"covered_lines": 0, "num_statements": 6, "percent_covered": 0.0, "percent_covered_display": "0", "missing_lines": 6, "excluded_lines": 0, "percent_statements_covered": 0.0, "percent_statements_covered_display": "0", "num_branches": 0, "num_partial_branches": 0, "covered_branches": 0, "missing_branches": 0, "percent_branches_covered": 100.0, "percent_branches_covered_display": "100"}, "missing_lines": [210, 211, 212, 213, 214, 215], "excluded_lines": [], "start_line": 196, "executed_branches": [], "missing_branches": []}, "get_expert_analytics": {"executed_lines": [], "summary": {"covered_lines": 0, "num_statements": 6, "percent_covered": 0.0, "percent_covered_display": "0", "missing_lines": 6, "excluded_lines": 0, "percent_statements_covered": 0.0, "percent_statements_covered_display": "0", "num_branches": 0, "num_partial_branches": 0, "covered_branches": 0, "missing_branches": 0, "percent_branches_covered": 100.0, "percent_branches_covered_display": "100"}, "missing_lines": [236, 237, 238, 239, 240, 241], "excluded_lines": [], "start_line": 222, "executed_branches": [], "missing_branches": []}, "get_booking_analytics": {"executed_lines": [], "summary": {"covered_lines": 0, "num_statements": 6, "percent_covered": 0.0, "percent_covered_display": "0", "missing_lines": 6, "excluded_lines": 0, "percent_statements_covered": 0.0, "percent_statements_covered_display": "0", "num_branches": 0, "num_partial_branches": 0, "covered_branches": 0, "missing_branches": 0, "percent_branches_covered": 100.0, "percent_branches_covered_display": "100"}, "missing_lines": [262, 263, 264, 265, 266, 267], "excluded_lines": [], "start_line": 248, "executed_branches": [], "missing_branches": []}, "get_system_health": {"executed_lines": [], "summary": {"covered_lines": 0, "num_statements": 6, "percent_covered": 0.0, "percent_covered_display": "0", "missing_lines": 6, "excluded_lines": 0, "percent_statements_covered": 0.0, "percent_statements_covered_display": "0", "num_branches": 0, "num_partial_branches": 0, "covered_branches": 0, "missing_branches": 0, "percent_branches_covered": 100.0, "percent_branches_covered_display": "100"}, "missing_lines": [283, 284, 285, 286, 287, 288], "excluded_lines": [], "start_line": 274, "executed_branches": [], "missing_branches": []}, "create_admin_token": {"executed_lines": [], "summary": {"covered_lines": 0, "num_statements": 5, "percent_covered": 0.0, "percent_covered_display": "0", "missing_lines": 5, "excluded_lines": 0, "percent_statements_covered": 0.0, "percent_statements_covered_display": "0", "num_branches": 2, "num_partial_branches": 0, "covered_branches": 0, "missing_branches": 2, "percent_branches_covered": 0.0, "percent_branches_covered_display": "0"}, "missing_lines": [313, 314, 319, 323, 325], "excluded_lines": [], "start_line": 295, "executed_branches": [], "missing_branches": [[313, 314], [313, 319]]}, "revoke_admin_token": {"executed_lines": [], "summary": {"covered_lines": 0, "num_statements": 3, "percent_covered": 0.0, "percent_covered_display": "0", "missing_lines": 3, "excluded_lines": 0, "percent_statements_covered": 0.0, "percent_statements_covered_display": "0", "num_branches": 0, "num_partial_branches": 0, "covered_branches": 0, "missing_branches": 0, "percent_branches_covered": 100.0, "percent_branches_covered_display": "100"}, "missing_lines": [346, 348, 350], "excluded_lines": [], "start_line": 333, "executed_branches": [], "missing_branches": []}, "": {"executed_lines": [4, 6, 7, 9, 10, 11, 12, 13, 15, 18, 39, 40, 54, 55, 75, 76, 104, 105, 131, 132, 195, 196, 221, 222, 247, 248, 273, 274, 294, 295, 332, 333], "summary": {"covered_lines": 32, "num_statements": 32, "percent_covered": 100.0, "percent_covered_display": "100", "missing_lines": 0, "excluded_lines": 0, "percent_statements_covered": 100.0, "percent_statements_covered_display": "100", "num_branches": 0, "num_partial_branches": 0, "covered_branches": 0, "missing_branches": 0, "percent_branches_covered": 100.0, "percent_branches_covered_display": "100"}, "missing_lines": [], "excluded_lines": [], "start_line": 1, "executed_branches": [], "missing_branches": []}}, "classes": {"": {"executed_lines": [4, 6, 7, 9, 10, 11, 12, 13, 15, 18, 39, 40, 54, 55, 75, 76, 104, 105, 131, 132, 195, 196, 221, 222, 247, 248, 273, 274, 294, 295, 332, 333], "summary": {"covered_lines": 32, "num_statements": 101, "percent_covered": 28.82882882882883, "percent_covered_display": "29", "missing_lines": 69, "excluded_lines": 0, "percent_statements_covered": 31.683168316831683, "percent_statements_covered_display": "32", "num_branches": 10, "num_partial_branches": 0, "covered_branches": 0, "missing_branches": 10, "percent_branches_covered": 0.0, "percent_branches_covered_display": "0"}, "missing_lines": [27, 30, 31, 32, 33, 36, 49, 50, 51, 70, 71, 72, 93, 94, 95, 96, 100, 101, 120, 121, 122, 123, 127, 128, 146, 147, 148, 151, 152, 155, 158, 161, 164, 167, 186, 188, 189, 210, 211, 212, 213, 214, 215, 236, 237, 238, 239, 240, 241, 262, 263, 264, 265, 266, 267, 283, 284, 285, 286, 287, 288, 313, 314, 319, 323, 325, 346, 348, 350], "excluded_lines": [], "start_line": 1, "executed_branches": [], "missing_branches": [[30, 31], [30, 36], [32, 33], [32, 36], [95, 96], [95, 100], [122, 123], [122, 127], [313, 314], [313, 319]]}}}, "src/api/routes/bookings.py": {"executed_lines": [2, 3, 5, 6, 8, 9, 14, 18, 21, 22, 64, 65, 106, 107, 138, 139, 166, 167, 193, 194], "summary": {"covered_lines": 20, "num_statements": 61, "percent_covered": 30.76923076923077, "percent_covered_display": "31", "missing_lines": 41, "excluded_lines": 0, "percent_statements_covered": 32.78688524590164, "percent_statements_covered_display": "33", "num_branches": 4, "num_partial_branches": 0, "covered_branches": 0, "missing_branches": 4, "percent_branches_covered": 0.0, "percent_branches_covered_display": "0"}, "missing_lines": [42, 44, 45, 51, 52, 53, 57, 58, 81, 83, 84, 93, 94, 95, 99, 100, 121, 123, 124, 125, 126, 130, 131, 132, 154, 156, 157, 158, 159, 160, 182, 184, 185, 186, 190, 213, 215, 216, 221, 222, 223], "excluded_lines": [], "executed_branches": [], "missing_branches": [[125, 126], [125, 130], [185, 186], [185, 190]], "functions": {"get_expert_availability": {"executed_lines": [], "summary": {"covered_lines": 0, "num_statements": 8, "percent_covered": 0.0, "percent_covered_display": "0", "missing_lines": 8, "excluded_lines": 0, "percent_statements_covered": 0.0, "percent_statements_covered_display": "0", "num_branches": 0, "num_partial_branches": 0, "covered_branches": 0, "missing_branches": 0, "percent_branches_covered": 100.0, "percent_branches_covered_display": "100"}, "missing_lines": [42, 44, 45, 51, 52, 53, 57, 58], "excluded_lines": [], "start_line": 22, "executed_branches": [], "missing_branches": []}, "create_booking": {"executed_lines": [], "summary": {"covered_lines": 0, "num_statements": 8, "percent_covered": 0.0, "percent_covered_display": "0", "missing_lines": 8, "excluded_lines": 0, "percent_statements_covered": 0.0, "percent_statements_covered_display": "0", "num_branches": 0, "num_partial_branches": 0, "covered_branches": 0, "missing_branches": 0, "percent_branches_covered": 100.0, "percent_branches_covered_display": "100"}, "missing_lines": [81, 83, 84, 93, 94, 95, 99, 100], "excluded_lines": [], "start_line": 65, "executed_branches": [], "missing_branches": []}, "get_booking": {"executed_lines": [], "summary": {"covered_lines": 0, "num_statements": 8, "percent_covered": 0.0, "percent_covered_display": "0", "missing_lines": 8, "excluded_lines": 0, "percent_statements_covered": 0.0, "percent_statements_covered_display": "0", "num_branches": 2, "num_partial_branches": 0, "covered_branches": 0, "missing_branches": 2, "percent_branches_covered": 0.0, "percent_branches_covered_display": "0"}, "missing_lines": [121, 123, 124, 125, 126, 130, 131, 132], "excluded_lines": [], "start_line": 107, "executed_branches": [], "missing_branches": [[125, 126], [125, 130]]}, "get_booking_by_session": {"executed_lines": [], "summary": {"covered_lines": 0, "num_statements": 6, "percent_covered": 0.0, "percent_covered_display": "0", "missing_lines": 6, "excluded_lines": 0, "percent_statements_covered": 0.0, "percent_statements_covered_display": "0", "num_branches": 0, "num_partial_branches": 0, "covered_branches": 0, "missing_branches": 0, "percent_branches_covered": 100.0, "percent_branches_covered_display": "100"}, "missing_lines": [154, 156, 157, 158, 159, 160], "excluded_lines": [], "start_line": 139, "executed_branches": [], "missing_branches": []}, "cancel_booking": {"executed_lines": [], "summary": {"covered_lines": 0, "num_statements": 5, "percent_covered": 0.0, "percent_covered_display": "0", "missing_lines": 5, "excluded_lines": 0, "percent_statements_covered": 0.0, "percent_statements_covered_display": "0", "num_branches": 2, "num_partial_branches": 0, "covered_branches": 0, "missing_branches": 2, "percent_branches_covered": 0.0, "percent_branches_covered_display": "0"}, "missing_lines": [182, 184, 185, 186, 190], "excluded_lines": [], "start_line": 167, "executed_branches": [], "missing_branches": [[185, 186], [185, 190]]}, "get_expert_bookings": {"executed_lines": [], "summary": {"covered_lines": 0, "num_statements": 6, "percent_covered": 0.0, "percent_covered_display": "0", "missing_lines": 6, "excluded_lines": 0, "percent_statements_covered": 0.0, "percent_statements_covered_display": "0", "num_branches": 0, "num_partial_branches": 0, "covered_branches": 0, "missing_branches": 0, "percent_branches_covered": 100.0, "percent_branches_covered_display": "100"}, "missing_lines": [213, 215, 216, 221, 222, 223], "excluded_lines": [], "start_line": 194, "executed_branches": [], "missing_branches": []}, "": {"executed_lines": [2, 3, 5, 6, 8, 9, 14, 18, 21, 22, 64, 65, 106, 107, 138, 139, 166, 167, 193, 194], "summary": {"covered_lines": 20, "num_statements": 20, "percent_covered": 100.0, "percent_covered_display": "100", "missing_lines": 0, "excluded_lines": 0, "percent_statements_covered": 100.0, "percent_statements_covered_display": "100", "num_branches": 0, "num_partial_branches": 0, "covered_branches": 0, "missing_branches": 0, "percent_branches_covered": 100.0, "percent_branches_covered_display": "100"}, "missing_lines": [], "excluded_lines": [], "start_line": 1, "executed_branches": [], "missing_branches": []}}, "classes": {"": {"executed_lines": [2, 3, 5, 6, 8, 9, 14, 18, 21, 22, 64, 65, 106, 107, 138, 139, 166, 167, 193, 194], "summary": {"covered_lines": 20, "num_statements": 61, "percent_covered": 30.76923076923077, "percent_covered_display": "31", "missing_lines": 41, "excluded_lines": 0, "percent_statements_covered": 32.78688524590164, "percent_statements_covered_display": "33", "num_branches": 4, "num_partial_branches": 0, "covered_branches": 0, "missing_branches": 4, "percent_branches_covered": 0.0, "percent_branches_covered_display": "0"}, "missing_lines": [42, 44, 45, 51, 52, 53, 57, 58, 81, 83, 84, 93, 94, 95, 99, 100, 121, 123, 124, 125, 126, 130, 131, 132, 154, 156, 157, 158, 159, 160, 182, 184, 185, 186, 190, 213, 215, 216, 221, 222, 223], "excluded_lines": [], "start_line": 1, "executed_branches": [], "missing_branches": [[125, 126], [125, 130], [185, 186], [185, 190]]}}}, "src/api/routes/experts.py": {"executed_lines": [2, 4, 5, 7, 8, 17, 18, 20, 23, 29, 56, 62, 93, 100, 128, 134, 171, 177, 197, 203, 241, 247, 296, 302], "summary": {"covered_lines": 24, "num_statements": 86, "percent_covered": 23.076923076923077, "percent_covered_display": "23", "missing_lines": 62, "excluded_lines": 0, "percent_statements_covered": 27.906976744186046, "percent_statements_covered_display": "28", "num_branches": 18, "num_partial_branches": 0, "covered_branches": 0, "missing_branches": 18, "percent_branches_covered": 0.0, "percent_branches_covered_display": "0"}, "missing_lines": [37, 38, 40, 71, 72, 74, 75, 80, 108, 109, 111, 143, 144, 146, 147, 152, 154, 185, 186, 188, 189, 194, 212, 213, 219, 220, 221, 222, 233, 235, 262, 263, 266, 267, 268, 273, 275, 278, 284, 289, 290, 321, 322, 328, 329, 334, 336, 338, 341, 344, 347, 348, 349, 350, 351, 357, 364, 370, 375, 376, 377, 378], "excluded_lines": [], "executed_branches": [], "missing_branches": [[74, 75], [74, 80], [146, 147], [146, 152], [188, 189], [188, 194], [221, 222], [221, 235], [267, 268], [267, 273], [321, 322], [321, 328], [328, 329], [328, 334], [347, 348], [347, 370], [350, 351], [350, 357]], "functions": {"list_experts": {"executed_lines": [], "summary": {"covered_lines": 0, "num_statements": 3, "percent_covered": 0.0, "percent_covered_display": "0", "missing_lines": 3, "excluded_lines": 0, "percent_statements_covered": 0.0, "percent_statements_covered_display": "0", "num_branches": 0, "num_partial_branches": 0, "covered_branches": 0, "missing_branches": 0, "percent_branches_covered": 100.0, "percent_branches_covered_display": "100"}, "missing_lines": [37, 38, 40], "excluded_lines": [], "start_line": 29, "executed_branches": [], "missing_branches": []}, "get_expert": {"executed_lines": [], "summary": {"covered_lines": 0, "num_statements": 5, "percent_covered": 0.0, "percent_covered_display": "0", "missing_lines": 5, "excluded_lines": 0, "percent_statements_covered": 0.0, "percent_statements_covered_display": "0", "num_branches": 2, "num_partial_branches": 0, "covered_branches": 0, "missing_branches": 2, "percent_branches_covered": 0.0, "percent_branches_covered_display": "0"}, "missing_lines": [71, 72, 74, 75, 80], "excluded_lines": [], "start_line": 62, "executed_branches": [], "missing_branches": [[74, 75], [74, 80]]}, "create_expert": {"executed_lines": [], "summary": {"covered_lines": 0, "num_statements": 3, "percent_covered": 0.0, "percent_covered_display": "0", "missing_lines": 3, "excluded_lines": 0, "percent_statements_covered": 0.0, "percent_statements_covered_display": "0", "num_branches": 0, "num_partial_branches": 0, "covered_branches": 0, "missing_branches": 0, "percent_branches_covered": 100.0, "percent_branches_covered_display": "100"}, "missing_lines": [108, 109, 111], "excluded_lines": [], "start_line": 100, "executed_branches": [], "missing_branches": []}, "update_expert": {"executed_lines": [], "summary": {"covered_lines": 0, "num_statements": 6, "percent_covered": 0.0, "percent_covered_display": "0", "missing_lines": 6, "excluded_lines": 0, "percent_statements_covered": 0.0, "percent_statements_covered_display": "0", "num_branches": 2, "num_partial_branches": 0, "covered_branches": 0, "missing_branches": 2, "percent_branches_covered": 0.0, "percent_branches_covered_display": "0"}, "missing_lines": [143, 144, 146, 147, 152, 154], "excluded_lines": [], "start_line": 134, "executed_branches": [], "missing_branches": [[146, 147], [146, 152]]}, "delete_expert": {"executed_lines": [], "summary": {"covered_lines": 0, "num_statements": 5, "percent_covered": 0.0, "percent_covered_display": "0", "missing_lines": 5, "excluded_lines": 0, "percent_statements_covered": 0.0, "percent_statements_covered_display": "0", "num_branches": 2, "num_partial_branches": 0, "covered_branches": 0, "missing_branches": 2, "percent_branches_covered": 0.0, "percent_branches_covered_display": "0"}, "missing_lines": [185, 186, 188, 189, 194], "excluded_lines": [], "start_line": 177, "executed_branches": [], "missing_branches": [[188, 189], [188, 194]]}, "match_experts": {"executed_lines": [], "summary": {"covered_lines": 0, "num_statements": 8, "percent_covered": 0.0, "percent_covered_display": "0", "missing_lines": 8, "excluded_lines": 0, "percent_statements_covered": 0.0, "percent_statements_covered_display": "0", "num_branches": 2, "num_partial_branches": 0, "covered_branches": 0, "missing_branches": 2, "percent_branches_covered": 0.0, "percent_branches_covered_display": "0"}, "missing_lines": [212, 213, 219, 220, 221, 222, 233, 235], "excluded_lines": [], "start_line": 203, "executed_branches": [], "missing_branches": [[221, 222], [221, 235]]}, "connect_calendar": {"executed_lines": [], "summary": {"covered_lines": 0, "num_statements": 11, "percent_covered": 0.0, "percent_covered_display": "0", "missing_lines": 11, "excluded_lines": 0, "percent_statements_covered": 0.0, "percent_statements_covered_display": "0", "num_branches": 2, "num_partial_branches": 0, "covered_branches": 0, "missing_branches": 2, "percent_branches_covered": 0.0, "percent_branches_covered_display": "0"}, "missing_lines": [262, 263, 266, 267, 268, 273, 275, 278, 284, 289, 290], "excluded_lines": [], "start_line": 247, "executed_branches": [], "missing_branches": [[267, 268], [267, 273]]}, "oauth_callback": {"executed_lines": [], "summary": {"covered_lines": 0, "num_statements": 21, "percent_covered": 0.0, "percent_covered_display": "0", "missing_lines": 21, "excluded_lines": 0, "percent_statements_covered": 0.0, "percent_statements_covered_display": "0", "num_branches": 8, "num_partial_branches": 0, "covered_branches": 0, "missing_branches": 8, "percent_branches_covered": 0.0, "percent_branches_covered_display": "0"}, "missing_lines": [321, 322, 328, 329, 334, 336, 338, 341, 344, 347, 348, 349, 350, 351, 357, 364, 370, 375, 376, 377, 378], "excluded_lines": [], "start_line": 302, "executed_branches": [], "missing_branches": [[321, 322], [321, 328], [328, 329], [328, 334], [347, 348], [347, 370], [350, 351], [350, 357]]}, "": {"executed_lines": [2, 4, 5, 7, 8, 17, 18, 20, 23, 29, 56, 62, 93, 100, 128, 134, 171, 177, 197, 203, 241, 247, 296, 302], "summary": {"covered_lines": 24, "num_statements": 24, "percent_covered": 100.0, "percent_covered_display": "100", "missing_lines": 0, "excluded_lines": 0, "percent_statements_covered": 100.0, "percent_statements_covered_display": "100", "num_branches": 0, "num_partial_branches": 0, "covered_branches": 0, "missing_branches": 0, "percent_branches_covered": 100.0, "percent_branches_covered_display": "100"}, "missing_lines": [], "excluded_lines": [], "start_line": 1, "executed_branches": [], "missing_branches": []}}, "classes": {"": {"executed_lines": [2, 4, 5, 7, 8, 17, 18, 20, 23, 29, 56, 62, 93, 100, 128, 134, 171, 177, 197, 203, 241, 247, 296, 302], "summary": {"covered_lines": 24, "num_statements": 86, "percent_covered": 23.076923076923077, "percent_covered_display": "23", "missing_lines": 62, "excluded_lines": 0, "percent_statements_covered": 27.906976744186046, "percent_statements_covered_display": "28", "num_branches": 18, "num_partial_branches": 0, "covered_branches": 0, "missing_branches": 18, "percent_branches_covered": 0.0, "percent_branches_covered_display": "0"}, "missing_lines": [37, 38, 40, 71, 72, 74, 75, 80, 108, 109, 111, 143, 144, 146, 147, 152, 154, 185, 186, 188, 189, 194, 212, 213, 219, 220, 221, 222, 233, 235, 262, 263, 266, 267, 268, 273, 275, 278, 284, 289, 290, 321, 322, 328, 329, 334, 336, 338, 341, 344, 347, 348, 349, 350, 351, 357, 364, 370, 375, 376, 377, 378], "excluded_lines": [], "start_line": 1, "executed_branches": [], "missing_branches": [[74, 75], [74, 80], [146, 147], [146, 152], [188, 189], [188, 194], [221, 222], [221, 235], [267, 268], [267, 273], [321, 322], [321, 328], [328, 329], [328, 334], [347, 348], [347, 370], [350, 351], [350, 357]]}}}, "src/api/routes/prd.py": {"executed_lines": [2, 3, 5, 6, 7, 9, 10, 18, 19, 21, 24, 31, 85, 91, 122, 128, 159, 165, 192, 197, 234, 241, 286, 293, 335, 340], "summary": {"covered_lines": 26, "num_statements": 98, "percent_covered": 20.3125, "percent_covered_display": "20", "missing_lines": 72, "excluded_lines": 0, "percent_statements_covered": 26.53061224489796, "percent_statements_covered_display": "27", "num_branches": 30, "num_partial_branches": 0, "covered_branches": 0, "missing_branches": 30, "percent_branches_covered": 0.0, "percent_branches_covered_display": "0"}, "missing_lines": [41, 42, 45, 46, 47, 53, 54, 59, 60, 66, 68, 96, 97, 99, 100, 105, 133, 134, 136, 137, 142, 170, 171, 173, 174, 179, 181, 183, 202, 203, 205, 206, 212, 215, 218, 219, 222, 227, 247, 248, 251, 252, 253, 259, 260, 261, 267, 269, 302, 303, 306, 307, 308, 314, 315, 320, 321, 327, 329, 349, 350, 353, 354, 355, 360, 362, 363, 369, 370, 376, 379, 380], "excluded_lines": [], "executed_branches": [], "missing_branches": [[46, 47], [46, 53], [53, 54], [53, 59], [59, 60], [59, 66], [99, 100], [99, 105], [136, 137], [136, 142], [173, 174], [173, 179], [205, 206], [205, 212], [252, 253], [252, 259], [260, 261], [260, 267], [307, 308], [307, 314], [314, 315], [314, 320], [320, 321], [320, 327], [354, 355], [354, 360], [360, 362], [360, 369], [369, 370], [369, 376]], "functions": {"generate_prd": {"executed_lines": [], "summary": {"covered_lines": 0, "num_statements": 11, "percent_covered": 0.0, "percent_covered_display": "0", "missing_lines": 11, "excluded_lines": 0, "percent_statements_covered": 0.0, "percent_statements_covered_display": "0", "num_branches": 6, "num_partial_branches": 0, "covered_branches": 0, "missing_branches": 6, "percent_branches_covered": 0.0, "percent_branches_covered_display": "0"}, "missing_lines": [41, 42, 45, 46, 47, 53, 54, 59, 60, 66, 68], "excluded_lines": [], "start_line": 31, "executed_branches": [], "missing_branches": [[46, 47], [46, 53], [53, 54], [53, 59], [59, 60], [59, 66]]}, "get_prd": {"executed_lines": [], "summary": {"covered_lines": 0, "num_statements": 5, "percent_covered": 0.0, "percent_covered_display": "0", "missing_lines": 5, "excluded_lines": 0, "percent_statements_covered": 0.0, "percent_statements_covered_display": "0", "num_branches": 2, "num_partial_branches": 0, "covered_branches": 0, "missing_branches": 2, "percent_branches_covered": 0.0, "percent_branches_covered_display": "0"}, "missing_lines": [96, 97, 99, 100, 105], "excluded_lines": [], "start_line": 91, "executed_branches": [], "missing_branches": [[99, 100], [99, 105]]}, "get_prd_by_session": {"executed_lines": [], "summary": {"covered_lines": 0, "num_statements": 5, "percent_covered": 0.0, "percent_covered_display": "0", "missing_lines": 5, "excluded_lines": 0, "percent_statements_covered": 0.0, "percent_statements_covered_display": "0", "num_branches": 2, "num_partial_branches": 0, "covered_branches": 0, "missing_branches": 2, "percent_branches_covered": 0.0, "percent_branches_covered_display": "0"}, "missing_lines": [133, 134, 136, 137, 142], "excluded_lines": [], "start_line": 128, "executed_branches": [], "missing_branches": [[136, 137], [136, 142]]}, "get_prd_preview": {"executed_lines": [], "summary": {"covered_lines": 0, "num_statements": 7, "percent_covered": 0.0, "percent_covered_display": "0", "missing_lines": 7, "excluded_lines": 0, "percent_statements_covered": 0.0, "percent_statements_covered_display": "0", "num_branches": 2, "num_partial_branches": 0, "covered_branches": 0, "missing_branches": 2, "percent_branches_covered": 0.0, "percent_branches_covered_display": "0"}, "missing_lines": [170, 171, 173, 174, 179, 181, 183], "excluded_lines": [], "start_line": 165, "executed_branches": [], "missing_branches": [[173, 174], [173, 179]]}, "download_prd": {"executed_lines": [], "summary": {"covered_lines": 0, "num_statements": 10, "percent_covered": 0.0, "percent_covered_display": "0", "missing_lines": 10, "excluded_lines": 0, "percent_statements_covered": 0.0, "percent_statements_covered_display": "0", "num_branches": 2, "num_partial_branches": 0, "covered_branches": 0, "missing_branches": 2, "percent_branches_covered": 0.0, "percent_branches_covered_display": "0"}, "missing_lines": [202, 203, 205, 206, 212, 215, 218, 219, 222, 227], "excluded_lines": [], "start_line": 197, "executed_branches": [], "missing_branches": [[205, 206], [205, 212]]}, "regenerate_prd": {"executed_lines": [], "summary": {"covered_lines": 0, "num_statements": 10, "percent_covered": 0.0, "percent_covered_display": "0", "missing_lines": 10, "excluded_lines": 0, "percent_statements_covered": 0.0, "percent_statements_covered_display": "0", "num_branches": 4, "num_partial_branches": 0, "covered_branches": 0, "missing_branches": 4, "percent_branches_covered": 0.0, "percent_branches_covered_display": "0"}, "missing_lines": [247, 248, 251, 252, 253, 259, 260, 261, 267, 269], "excluded_lines": [], "start_line": 241, "executed_branches": [], "missing_branches": [[252, 253], [252, 259], [260, 261], [260, 267]]}, "generate_conversation_summary": {"executed_lines": [], "summary": {"covered_lines": 0, "num_statements": 11, "percent_covered": 0.0, "percent_covered_display": "0", "missing_lines": 11, "excluded_lines": 0, "percent_statements_covered": 0.0, "percent_statements_covered_display": "0", "num_branches": 6, "num_partial_branches": 0, "covered_branches": 0, "missing_branches": 6, "percent_branches_covered": 0.0, "percent_branches_covered_display": "0"}, "missing_lines": [302, 303, 306, 307, 308, 314, 315, 320, 321, 327, 329], "excluded_lines": [], "start_line": 293, "executed_branches": [], "missing_branches": [[307, 308], [307, 314], [314, 315], [314, 320], [320, 321], [320, 327]]}, "approve_summary_and_generate_prd": {"executed_lines": [], "summary": {"covered_lines": 0, "num_statements": 13, "percent_covered": 0.0, "percent_covered_display": "0", "missing_lines": 13, "excluded_lines": 0, "percent_statements_covered": 0.0, "percent_statements_covered_display": "0", "num_branches": 6, "num_partial_branches": 0, "covered_branches": 0, "missing_branches": 6, "percent_branches_covered": 0.0, "percent_branches_covered_display": "0"}, "missing_lines": [349, 350, 353, 354, 355, 360, 362, 363, 369, 370, 376, 379, 380], "excluded_lines": [], "start_line": 340, "executed_branches": [], "missing_branches": [[354, 355], [354, 360], [360, 362], [360, 369], [369, 370], [369, 376]]}, "": {"executed_lines": [2, 3, 5, 6, 7, 9, 10, 18, 19, 21, 24, 31, 85, 91, 122, 128, 159, 165, 192, 197, 234, 241, 286, 293, 335, 340], "summary": {"covered_lines": 26, "num_statements": 26, "percent_covered": 100.0, "percent_covered_display": "100", "missing_lines": 0, "excluded_lines": 0, "percent_statements_covered": 100.0, "percent_statements_covered_display": "100", "num_branches": 0, "num_partial_branches": 0, "covered_branches": 0, "missing_branches": 0, "percent_branches_covered": 100.0, "percent_branches_covered_display": "100"}, "missing_lines": [], "excluded_lines": [], "start_line": 1, "executed_branches": [], "missing_branches": []}}, "classes": {"": {"executed_lines": [2, 3, 5, 6, 7, 9, 10, 18, 19, 21, 24, 31, 85, 91, 122, 128, 159, 165, 192, 197, 234, 241, 286, 293, 335, 340], "summary": {"covered_lines": 26, "num_statements": 98, "percent_covered": 20.3125, "percent_covered_display": "20", "missing_lines": 72, "excluded_lines": 0, "percent_statements_covered": 26.53061224489796, "percent_statements_covered_display": "27", "num_branches": 30, "num_partial_branches": 0, "covered_branches": 0, "missing_branches": 30, "percent_branches_covered": 0.0, "percent_branches_covered_display": "0"}, "missing_lines": [41, 42, 45, 46, 47, 53, 54, 59, 60, 66, 68, 96, 97, 99, 100, 105, 133, 134, 136, 137, 142, 170, 171, 173, 174, 179, 181, 183, 202, 203, 205, 206, 212, 215, 218, 219, 222, 227, 247, 248, 251, 252, 253, 259, 260, 261, 267, 269, 302, 303, 306, 307, 308, 314, 315, 320, 321, 327, 329, 349, 350, 353, 354, 355, 360, 362, 363, 369, 370, 376, 379, 380], "excluded_lines": [], "start_line": 1, "executed_branches": [], "missing_branches": [[46, 47], [46, 53], [53, 54], [53, 59], [59, 60], [59, 66], [99, 100], [99, 105], [136, 137], [136, 142], [173, 174], [173, 179], [205, 206], [205, 212], [252, 253], [252, 259], [260, 261], [260, 267], [307, 308], [307, 314], [314, 315], [314, 320], [320, 321], [320, 327], [354, 355], [354, 360], [360, 362], [360, 369], [369, 370], [369, 376]]}}}, "src/api/routes/sessions.py": {"executed_lines": [2, 3, 5, 6, 8, 9, 10, 11, 12, 21, 22, 24, 27, 42, 49, 97, 103, 155, 162, 209, 215, 274, 280, 340, 346, 415, 421, 484, 485], "summary": {"covered_lines": 29, "num_statements": 116, "percent_covered": 20.422535211267604, "percent_covered_display": "20", "missing_lines": 87, "excluded_lines": 0, "percent_statements_covered": 25.0, "percent_statements_covered_display": "25", "num_branches": 26, "num_partial_branches": 0, "covered_branches": 0, "missing_branches": 26, "percent_branches_covered": 0.0, "percent_branches_covered_display": "0"}, "missing_lines": [32, 33, 34, 36, 59, 60, 63, 113, 115, 116, 118, 119, 121, 173, 175, 177, 179, 180, 183, 184, 185, 188, 193, 197, 199, 225, 227, 228, 230, 231, 234, 235, 236, 238, 240, 290, 291, 293, 294, 296, 297, 300, 301, 302, 304, 306, 357, 359, 360, 362, 363, 365, 368, 374, 376, 377, 379, 380, 393, 396, 397, 400, 401, 402, 403, 406, 407, 409, 432, 434, 435, 437, 438, 441, 450, 498, 500, 501, 502, 505, 506, 514, 515, 516, 519, 520, 522], "excluded_lines": [], "executed_branches": [], "missing_branches": [[118, 119], [118, 121], [179, 180], [179, 183], [184, 185], [184, 188], [230, 231], [230, 234], [235, 236], [235, 238], [290, 291], [290, 293], [296, 297], [296, 300], [301, 302], [301, 304], [362, 363], [362, 365], [379, 380], [379, 396], [396, 397], [396, 409], [437, 438], [437, 441], [501, 502], [501, 505]], "functions": {"validate_session_id": {"executed_lines": [], "summary": {"covered_lines": 0, "num_statements": 4, "percent_covered": 0.0, "percent_covered_display": "0", "missing_lines": 4, "excluded_lines": 0, "percent_statements_covered": 0.0, "percent_statements_covered_display": "0", "num_branches": 0, "num_partial_branches": 0, "covered_branches": 0, "missing_branches": 0, "percent_branches_covered": 100.0, "percent_branches_covered_display": "100"}, "missing_lines": [32, 33, 34, 36], "excluded_lines": [], "start_line": 27, "executed_branches": [], "missing_branches": []}, "create_session": {"executed_lines": [], "summary": {"covered_lines": 0, "num_statements": 3, "percent_covered": 0.0, "percent_covered_display": "0", "missing_lines": 3, "excluded_lines": 0, "percent_statements_covered": 0.0, "percent_statements_covered_display": "0", "num_branches": 0, "num_partial_branches": 0, "covered_branches": 0, "missing_branches": 0, "percent_branches_covered": 100.0, "percent_branches_covered_display": "100"}, "missing_lines": [59, 60, 63], "excluded_lines": [], "start_line": 49, "executed_branches": [], "missing_branches": []}, "get_session": {"executed_lines": [], "summary": {"covered_lines": 0, "num_statements": 6, "percent_covered": 0.0, "percent_covered_display": "0", "missing_lines": 6, "excluded_lines": 0, "percent_statements_covered": 0.0, "percent_statements_covered_display": "0", "num_branches": 2, "num_partial_branches": 0, "covered_branches": 0, "missing_branches": 2, "percent_branches_covered": 0.0, "percent_branches_covered_display": "0"}, "missing_lines": [113, 115, 116, 118, 119, 121], "excluded_lines": [], "start_line": 103, "executed_branches": [], "missing_branches": [[118, 119], [118, 121]]}, "send_message": {"executed_lines": [], "summary": {"covered_lines": 0, "num_statements": 12, "percent_covered": 0.0, "percent_covered_display": "0", "missing_lines": 12, "excluded_lines": 0, "percent_statements_covered": 0.0, "percent_statements_covered_display": "0", "num_branches": 4, "num_partial_branches": 0, "covered_branches": 0, "missing_branches": 4, "percent_branches_covered": 0.0, "percent_branches_covered_display": "0"}, "missing_lines": [173, 175, 177, 179, 180, 183, 184, 185, 188, 193, 197, 199], "excluded_lines": [], "start_line": 162, "executed_branches": [], "missing_branches": [[179, 180], [179, 183], [184, 185], [184, 188]]}, "resume_session_path": {"executed_lines": [], "summary": {"covered_lines": 0, "num_statements": 10, "percent_covered": 0.0, "percent_covered_display": "0", "missing_lines": 10, "excluded_lines": 0, "percent_statements_covered": 0.0, "percent_statements_covered_display": "0", "num_branches": 4, "num_partial_branches": 0, "covered_branches": 0, "missing_branches": 4, "percent_branches_covered": 0.0, "percent_branches_covered_display": "0"}, "missing_lines": [225, 227, 228, 230, 231, 234, 235, 236, 238, 240], "excluded_lines": [], "start_line": 215, "executed_branches": [], "missing_branches": [[230, 231], [230, 234], [235, 236], [235, 238]]}, "resume_session": {"executed_lines": [], "summary": {"covered_lines": 0, "num_statements": 11, "percent_covered": 0.0, "percent_covered_display": "0", "missing_lines": 11, "excluded_lines": 0, "percent_statements_covered": 0.0, "percent_statements_covered_display": "0", "num_branches": 6, "num_partial_branches": 0, "covered_branches": 0, "missing_branches": 6, "percent_branches_covered": 0.0, "percent_branches_covered_display": "0"}, "missing_lines": [290, 291, 293, 294, 296, 297, 300, 301, 302, 304, 306], "excluded_lines": [], "start_line": 280, "executed_branches": [], "missing_branches": [[290, 291], [290, 293], [296, 297], [296, 300], [301, 302], [301, 304]]}, "match_expert": {"executed_lines": [], "summary": {"covered_lines": 0, "num_statements": 22, "percent_covered": 0.0, "percent_covered_display": "0", "missing_lines": 22, "excluded_lines": 0, "percent_statements_covered": 0.0, "percent_statements_covered_display": "0", "num_branches": 6, "num_partial_branches": 0, "covered_branches": 0, "missing_branches": 6, "percent_branches_covered": 0.0, "percent_branches_covered_display": "0"}, "missing_lines": [357, 359, 360, 362, 363, 365, 368, 374, 376, 377, 379, 380, 393, 396, 397, 400, 401, 402, 403, 406, 407, 409], "excluded_lines": [], "start_line": 346, "executed_branches": [], "missing_branches": [[362, 363], [362, 365], [379, 380], [379, 396], [396, 397], [396, 409]]}, "update_session": {"executed_lines": [], "summary": {"covered_lines": 0, "num_statements": 7, "percent_covered": 0.0, "percent_covered_display": "0", "missing_lines": 7, "excluded_lines": 0, "percent_statements_covered": 0.0, "percent_statements_covered_display": "0", "num_branches": 2, "num_partial_branches": 0, "covered_branches": 0, "missing_branches": 2, "percent_branches_covered": 0.0, "percent_branches_covered_display": "0"}, "missing_lines": [432, 434, 435, 437, 438, 441, 450], "excluded_lines": [], "start_line": 421, "executed_branches": [], "missing_branches": [[437, 438], [437, 441]]}, "unsubscribe_from_marketing": {"executed_lines": [], "summary": {"covered_lines": 0, "num_statements": 12, "percent_covered": 0.0, "percent_covered_display": "0", "missing_lines": 12, "excluded_lines": 0, "percent_statements_covered": 0.0, "percent_statements_covered_display": "0", "num_branches": 2, "num_partial_branches": 0, "covered_branches": 0, "missing_branches": 2, "percent_branches_covered": 0.0, "percent_branches_covered_display": "0"}, "missing_lines": [498, 500, 501, 502, 505, 506, 514, 515, 516, 519, 520, 522], "excluded_lines": [], "start_line": 485, "executed_branches": [], "missing_branches": [[501, 502], [501, 505]]}, "": {"executed_lines": [2, 3, 5, 6, 8, 9, 10, 11, 12, 21, 22, 24, 27, 42, 49, 97, 103, 155, 162, 209, 215, 274, 280, 340, 346, 415, 421, 484, 485], "summary": {"covered_lines": 29, "num_statements": 29, "percent_covered": 100.0, "percent_covered_display": "100", "missing_lines": 0, "excluded_lines": 0, "percent_statements_covered": 100.0, "percent_statements_covered_display": "100", "num_branches": 0, "num_partial_branches": 0, "covered_branches": 0, "missing_branches": 0, "percent_branches_covered": 100.0, "percent_branches_covered_display": "100"}, "missing_lines": [], "excluded_lines": [], "start_line": 1, "executed_branches": [], "missing_branches": []}}, "classes": {"": {"executed_lines": [2, 3, 5, 6, 8, 9, 10, 11, 12, 21, 22, 24, 27, 42, 49, 97, 103, 155, 162, 209, 215, 274, 280, 340, 346, 415, 421, 484, 485], "summary": {"covered_lines": 29, "num_statements": 116, "percent_covered": 20.422535211267604, "percent_covered_display": "20", "missing_lines": 87, "excluded_lines": 0, "percent_statements_covered": 25.0, "percent_statements_covered_display": "25", "num_branches": 26, "num_partial_branches": 0, "covered_branches": 0, "missing_branches": 26, "percent_branches_covered": 0.0, "percent_branches_covered_display": "0"}, "missing_lines": [32, 33, 34, 36, 59, 60, 63, 113, 115, 116, 118, 119, 121, 173, 175, 177, 179, 180, 183, 184, 185, 188, 193, 197, 199, 225, 227, 228, 230, 231, 234, 235, 236, 238, 240, 290, 291, 293, 294, 296, 297, 300, 301, 302, 304, 306, 357, 359, 360, 362, 363, 365, 368, 374, 376, 377, 379, 380, 393, 396, 397, 400, 401, 402, 403, 406, 407, 409, 432, 434, 435, 437, 438, 441, 450, 498, 500, 501, 502, 505, 506, 514, 515, 516, 519, 520, 522], "excluded_lines": [], "start_line": 1, "executed_branches": [], "missing_branches": [[118, 119], [118, 121], [179, 180], [179, 183], [184, 185], [184, 188], [230, 231], [230, 234], [235, 236], [235, 238], [290, 291], [290, 293], [296, 297], [296, 300], [301, 302], [301, 304], [362, 363], [362, 365], [379, 380], [379, 396], [396, 397], [396, 409], [437, 438], [437, 441], [501, 502], [501, 505]]}}}, "src/api/routes/templates.py": {"executed_lines": [2, 4, 5, 7, 8, 14, 16, 19, 26, 40, 46, 55, 61, 70, 76, 92, 98, 115, 121, 145, 151, 169, 175], "summary": {"covered_lines": 23, "num_statements": 57, "percent_covered": 34.32835820895522, "percent_covered_display": "34", "missing_lines": 34, "excluded_lines": 0, "percent_statements_covered": 40.35087719298246, "percent_statements_covered_display": "40", "num_branches": 10, "num_partial_branches": 0, "covered_branches": 0, "missing_branches": 10, "percent_branches_covered": 0.0, "percent_branches_covered_display": "0"}, "missing_lines": [35, 36, 37, 50, 51, 52, 65, 66, 67, 80, 81, 83, 84, 89, 103, 104, 106, 107, 112, 130, 131, 133, 134, 140, 142, 157, 158, 160, 161, 166, 180, 181, 183, 184], "excluded_lines": [], "executed_branches": [], "missing_branches": [[83, 84], [83, 89], [106, 107], [106, 112], [133, 134], [133, 140], [160, 161], [160, 166], [183, -169], [183, 184]], "functions": {"create_template": {"executed_lines": [], "summary": {"covered_lines": 0, "num_statements": 3, "percent_covered": 0.0, "percent_covered_display": "0", "missing_lines": 3, "excluded_lines": 0, "percent_statements_covered": 0.0, "percent_statements_covered_display": "0", "num_branches": 0, "num_partial_branches": 0, "covered_branches": 0, "missing_branches": 0, "percent_branches_covered": 100.0, "percent_branches_covered_display": "100"}, "missing_lines": [35, 36, 37], "excluded_lines": [], "start_line": 26, "executed_branches": [], "missing_branches": []}, "list_templates": {"executed_lines": [], "summary": {"covered_lines": 0, "num_statements": 3, "percent_covered": 0.0, "percent_covered_display": "0", "missing_lines": 3, "excluded_lines": 0, "percent_statements_covered": 0.0, "percent_statements_covered_display": "0", "num_branches": 0, "num_partial_branches": 0, "covered_branches": 0, "missing_branches": 0, "percent_branches_covered": 100.0, "percent_branches_covered_display": "100"}, "missing_lines": [50, 51, 52], "excluded_lines": [], "start_line": 46, "executed_branches": [], "missing_branches": []}, "list_active_templates": {"executed_lines": [], "summary": {"covered_lines": 0, "num_statements": 3, "percent_covered": 0.0, "percent_covered_display": "0", "missing_lines": 3, "excluded_lines": 0, "percent_statements_covered": 0.0, "percent_statements_covered_display": "0", "num_branches": 0, "num_partial_branches": 0, "covered_branches": 0, "missing_branches": 0, "percent_branches_covered": 100.0, "percent_branches_covered_display": "100"}, "missing_lines": [65, 66, 67], "excluded_lines": [], "start_line": 61, "executed_branches": [], "missing_branches": []}, "get_default_template": {"executed_lines": [], "summary": {"covered_lines": 0, "num_statements": 5, "percent_covered": 0.0, "percent_covered_display": "0", "missing_lines": 5, "excluded_lines": 0, "percent_statements_covered": 0.0, "percent_statements_covered_display": "0", "num_branches": 2, "num_partial_branches": 0, "covered_branches": 0, "missing_branches": 2, "percent_branches_covered": 0.0, "percent_branches_covered_display": "0"}, "missing_lines": [80, 81, 83, 84, 89], "excluded_lines": [], "start_line": 76, "executed_branches": [], "missing_branches": [[83, 84], [83, 89]]}, "get_template": {"executed_lines": [], "summary": {"covered_lines": 0, "num_statements": 5, "percent_covered": 0.0, "percent_covered_display": "0", "missing_lines": 5, "excluded_lines": 0, "percent_statements_covered": 0.0, "percent_statements_covered_display": "0", "num_branches": 2, "num_partial_branches": 0, "covered_branches": 0, "missing_branches": 2, "percent_branches_covered": 0.0, "percent_branches_covered_display": "0"}, "missing_lines": [103, 104, 106, 107, 112], "excluded_lines": [], "start_line": 98, "executed_branches": [], "missing_branches": [[106, 107], [106, 112]]}, "select_template": {"executed_lines": [], "summary": {"covered_lines": 0, "num_statements": 6, "percent_covered": 0.0, "percent_covered_display": "0", "missing_lines": 6, "excluded_lines": 0, "percent_statements_covered": 0.0, "percent_statements_covered_display": "0", "num_branches": 2, "num_partial_branches": 0, "covered_branches": 0, "missing_branches": 2, "percent_branches_covered": 0.0, "percent_branches_covered_display": "0"}, "missing_lines": [130, 131, 133, 134, 140, 142], "excluded_lines": [], "start_line": 121, "executed_branches": [], "missing_branches": [[133, 134], [133, 140]]}, "update_template": {"executed_lines": [], "summary": {"covered_lines": 0, "num_statements": 5, "percent_covered": 0.0, "percent_covered_display": "0", "missing_lines": 5, "excluded_lines": 0, "percent_statements_covered": 0.0, "percent_statements_covered_display": "0", "num_branches": 2, "num_partial_branches": 0, "covered_branches": 0, "missing_branches": 2, "percent_branches_covered": 0.0, "percent_branches_covered_display": "0"}, "missing_lines": [157, 158, 160, 161, 166], "excluded_lines": [], "start_line": 151, "executed_branches": [], "missing_branches": [[160, 161], [160, 166]]}, "delete_template": {"executed_lines": [], "summary": {"covered_lines": 0, "num_statements": 4, "percent_covered": 0.0, "percent_covered_display": "0", "missing_lines": 4, "excluded_lines": 0, "percent_statements_covered": 0.0, "percent_statements_covered_display": "0", "num_branches": 2, "num_partial_branches": 0, "covered_branches": 0, "missing_branches": 2, "percent_branches_covered": 0.0, "percent_branches_covered_display": "0"}, "missing_lines": [180, 181, 183, 184], "excluded_lines": [], "start_line": 175, "executed_branches": [], "missing_branches": [[183, -169], [183, 184]]}, "": {"executed_lines": [2, 4, 5, 7, 8, 14, 16, 19, 26, 40, 46, 55, 61, 70, 76, 92, 98, 115, 121, 145, 151, 169, 175], "summary": {"covered_lines": 23, "num_statements": 23, "percent_covered": 100.0, "percent_covered_display": "100", "missing_lines": 0, "excluded_lines": 0, "percent_statements_covered": 100.0, "percent_statements_covered_display": "100", "num_branches": 0, "num_partial_branches": 0, "covered_branches": 0, "missing_branches": 0, "percent_branches_covered": 100.0, "percent_branches_covered_display": "100"}, "missing_lines": [], "excluded_lines": [], "start_line": 1, "executed_branches": [], "missing_branches": []}}, "classes": {"": {"executed_lines": [2, 4, 5, 7, 8, 14, 16, 19, 26, 40, 46, 55, 61, 70, 76, 92, 98, 115, 121, 145, 151, 169, 175], "summary": {"covered_lines": 23, "num_statements": 57, "percent_covered": 34.32835820895522, "percent_covered_display": "34", "missing_lines": 34, "excluded_lines": 0, "percent_statements_covered": 40.35087719298246, "percent_statements_covered_display": "40", "num_branches": 10, "num_partial_branches": 0, "covered_branches": 0, "missing_branches": 10, "percent_branches_covered": 0.0, "percent_branches_covered_display": "0"}, "missing_lines": [35, 36, 37, 50, 51, 52, 65, 66, 67, 80, 81, 83, 84, 89, 103, 104, 106, 107, 112, 130, 131, 133, 134, 140, 142, 157, 158, 160, 161, 166, 180, 181, 183, 184], "excluded_lines": [], "start_line": 1, "executed_branches": [], "missing_branches": [[83, 84], [83, 89], [106, 107], [106, 112], [133, 134], [133, 140], [160, 161], [160, 166], [183, -169], [183, 184]]}}}, "src/api/routes/uploads.py": {"executed_lines": [2, 3, 4, 5, 6, 8, 9, 10, 12, 13, 14, 15, 16, 18, 21, 22, 25, 30, 47, 53, 115, 121, 155, 161], "summary": {"covered_lines": 24, "num_statements": 68, "percent_covered": 30.76923076923077, "percent_covered_display": "31", "missing_lines": 44, "excluded_lines": 0, "percent_statements_covered": 35.294117647058826, "percent_statements_covered_display": "35", "num_branches": 10, "num_partial_branches": 0, "covered_branches": 0, "missing_branches": 10, "percent_branches_covered": 0.0, "percent_branches_covered_display": "0"}, "missing_lines": [27, 32, 41, 42, 44, 71, 72, 78, 79, 80, 81, 87, 88, 89, 92, 93, 94, 95, 96, 102, 103, 104, 105, 107, 132, 134, 135, 141, 142, 150, 152, 179, 180, 181, 182, 183, 184, 190, 191, 192, 193, 194, 195, 197], "excluded_lines": [], "executed_branches": [], "missing_branches": [[71, 72], [71, 78], [80, 81], [80, 87], [134, 135], [134, 141], [180, 181], [180, 190], [192, 193], [192, 197]], "functions": {"get_file_extension": {"executed_lines": [], "summary": {"covered_lines": 0, "num_statements": 1, "percent_covered": 0.0, "percent_covered_display": "0", "missing_lines": 1, "excluded_lines": 0, "percent_statements_covered": 0.0, "percent_statements_covered_display": "0", "num_branches": 0, "num_partial_branches": 0, "covered_branches": 0, "missing_branches": 0, "percent_branches_covered": 100.0, "percent_branches_covered_display": "100"}, "missing_lines": [27], "excluded_lines": [], "start_line": 25, "executed_branches": [], "missing_branches": []}, "is_allowed_file_type": {"executed_lines": [], "summary": {"covered_lines": 0, "num_statements": 4, "percent_covered": 0.0, "percent_covered_display": "0", "missing_lines": 4, "excluded_lines": 0, "percent_statements_covered": 0.0, "percent_statements_covered_display": "0", "num_branches": 0, "num_partial_branches": 0, "covered_branches": 0, "missing_branches": 0, "percent_branches_covered": 100.0, "percent_branches_covered_display": "100"}, "missing_lines": [32, 41, 42, 44], "excluded_lines": [], "start_line": 30, "executed_branches": [], "missing_branches": []}, "upload_expert_photo": {"executed_lines": [], "summary": {"covered_lines": 0, "num_statements": 19, "percent_covered": 0.0, "percent_covered_display": "0", "missing_lines": 19, "excluded_lines": 0, "percent_statements_covered": 0.0, "percent_statements_covered_display": "0", "num_branches": 4, "num_partial_branches": 0, "covered_branches": 0, "missing_branches": 4, "percent_branches_covered": 0.0, "percent_branches_covered_display": "0"}, "missing_lines": [71, 72, 78, 79, 80, 81, 87, 88, 89, 92, 93, 94, 95, 96, 102, 103, 104, 105, 107], "excluded_lines": [], "start_line": 53, "executed_branches": [], "missing_branches": [[71, 72], [71, 78], [80, 81], [80, 87]]}, "get_expert_photo": {"executed_lines": [], "summary": {"covered_lines": 0, "num_statements": 7, "percent_covered": 0.0, "percent_covered_display": "0", "missing_lines": 7, "excluded_lines": 0, "percent_statements_covered": 0.0, "percent_statements_covered_display": "0", "num_branches": 2, "num_partial_branches": 0, "covered_branches": 0, "missing_branches": 2, "percent_branches_covered": 0.0, "percent_branches_covered_display": "0"}, "missing_lines": [132, 134, 135, 141, 142, 150, 152], "excluded_lines": [], "start_line": 121, "executed_branches": [], "missing_branches": [[134, 135], [134, 141]]}, "delete_expert_photo": {"executed_lines": [], "summary": {"covered_lines": 0, "num_statements": 13, "percent_covered": 0.0, "percent_covered_display": "0", "missing_lines": 13, "excluded_lines": 0, "percent_statements_covered": 0.0, "percent_statements_covered_display": "0", "num_branches": 4, "num_partial_branches": 0, "covered_branches": 0, "missing_branches": 4, "percent_branches_covered": 0.0, "percent_branches_covered_display": "0"}, "missing_lines": [179, 180, 181, 182, 183, 184, 190, 191, 192, 193, 194, 195, 197], "excluded_lines": [], "start_line": 161, "executed_branches": [], "missing_branches": [[180, 181], [180, 190], [192, 193], [192, 197]]}, "": {"executed_lines": [2, 3, 4, 5, 6, 8, 9, 10, 12, 13, 14, 15, 16, 18, 21, 22, 25, 30, 47, 53, 115, 121, 155, 161], "summary": {"covered_lines": 24, "num_statements": 24, "percent_covered": 100.0, "percent_covered_display": "100", "missing_lines": 0, "excluded_lines": 0, "percent_statements_covered": 100.0, "percent_statements_covered_display": "100", "num_branches": 0, "num_partial_branches": 0, "covered_branches": 0, "missing_branches": 0, "percent_branches_covered": 100.0, "percent_branches_covered_display": "100"}, "missing_lines": [], "excluded_lines": [], "start_line": 1, "executed_branches": [], "missing_branches": []}}, "classes": {"": {"executed_lines": [2, 3, 4, 5, 6, 8, 9, 10, 12, 13, 14, 15, 16, 18, 21, 22, 25, 30, 47, 53, 115, 121, 155, 161], "summary": {"covered_lines": 24, "num_statements": 68, "percent_covered": 30.76923076923077, "percent_covered_display": "31", "missing_lines": 44, "excluded_lines": 0, "percent_statements_covered": 35.294117647058826, "percent_statements_covered_display": "35", "num_branches": 10, "num_partial_branches": 0, "covered_branches": 0, "missing_branches": 10, "percent_branches_covered": 0.0, "percent_branches_covered_display": "0"}, "missing_lines": [27, 32, 41, 42, 44, 71, 72, 78, 79, 80, 81, 87, 88, 89, 92, 93, 94, 95, 96, 102, 103, 104, 105, 107, 132, 134, 135, 141, 142, 150, 152, 179, 180, 181, 182, 183, 184, 190, 191, 192, 193, 194, 195, 197], "excluded_lines": [], "start_line": 1, "executed_branches": [], "missing_branches": [[71, 72], [71, 78], [80, 81], [80, 87], [134, 135], [134, 141], [180, 181], [180, 190], [192, 193], [192, 197]]}}}, "src/api/routes/websocket.py": {"executed_lines": [2, 3, 4, 6, 7, 9, 10, 11, 12, 13, 14, 16, 19, 27, 30, 31, 33, 41, 44, 214, 250, 299, 332], "summary": {"covered_lines": 23, "num_statements": 108, "percent_covered": 16.91176470588235, "percent_covered_display": "17", "missing_lines": 85, "excluded_lines": 0, "percent_statements_covered": 21.296296296296298, "percent_statements_covered_display": "21", "num_branches": 28, "num_partial_branches": 0, "covered_branches": 0, "missing_branches": 28, "percent_branches_covered": 0.0, "percent_branches_covered_display": "0"}, "missing_lines": [35, 36, 37, 53, 56, 57, 58, 61, 68, 71, 72, 73, 80, 83, 84, 86, 91, 101, 102, 104, 131, 132, 135, 143, 144, 147, 150, 153, 154, 161, 168, 171, 172, 173, 176, 177, 180, 181, 187, 219, 220, 223, 224, 225, 228, 229, 231, 232, 235, 238, 239, 241, 255, 256, 259, 260, 261, 264, 270, 271, 272, 273, 284, 287, 288, 289, 290, 291, 293, 305, 307, 308, 311, 312, 313, 316, 323, 338, 340, 341, 344, 345, 346, 349, 359], "excluded_lines": [], "executed_branches": [], "missing_branches": [[35, -33], [35, 36], [57, 58], [57, 61], [72, 73], [72, 80], [84, 86], [84, 131], [147, 150], [147, 161], [172, 173], [172, 176], [224, 225], [224, 228], [228, 229], [228, 231], [231, 232], [231, 235], [260, 261], [260, 264], [272, 273], [272, 287], [287, 288], [287, 293], [312, 313], [312, 316], [345, 346], [345, 349]], "functions": {"WebSocketManager.__init__": {"executed_lines": [31], "summary": {"covered_lines": 1, "num_statements": 1, "percent_covered": 100.0, "percent_covered_display": "100", "missing_lines": 0, "excluded_lines": 0, "percent_statements_covered": 100.0, "percent_statements_covered_display": "100", "num_branches": 0, "num_partial_branches": 0, "covered_branches": 0, "missing_branches": 0, "percent_branches_covered": 100.0, "percent_branches_covered_display": "100"}, "missing_lines": [], "excluded_lines": [], "start_line": 30, "executed_branches": [], "missing_branches": []}, "WebSocketManager.disconnect": {"executed_lines": [], "summary": {"covered_lines": 0, "num_statements": 3, "percent_covered": 0.0, "percent_covered_display": "0", "missing_lines": 3, "excluded_lines": 0, "percent_statements_covered": 0.0, "percent_statements_covered_display": "0", "num_branches": 2, "num_partial_branches": 0, "covered_branches": 0, "missing_branches": 2, "percent_branches_covered": 0.0, "percent_branches_covered_display": "0"}, "missing_lines": [35, 36, 37], "excluded_lines": [], "start_line": 33, "executed_branches": [], "missing_branches": [[35, -33], [35, 36]]}, "handle_streaming_chat_message": {"executed_lines": [], "summary": {"covered_lines": 0, "num_statements": 36, "percent_covered": 0.0, "percent_covered_display": "0", "missing_lines": 36, "excluded_lines": 0, "percent_statements_covered": 0.0, "percent_statements_covered_display": "0", "num_branches": 10, "num_partial_branches": 0, "covered_branches": 0, "missing_branches": 10, "percent_branches_covered": 0.0, "percent_branches_covered_display": "0"}, "missing_lines": [53, 56, 57, 58, 61, 68, 71, 72, 73, 80, 83, 84, 86, 91, 101, 102, 104, 131, 132, 135, 143, 144, 147, 150, 153, 154, 161, 168, 171, 172, 173, 176, 177, 180, 181, 187], "excluded_lines": [], "start_line": 44, "executed_branches": [], "missing_branches": [[57, 58], [57, 61], [72, 73], [72, 80], [84, 86], [84, 131], [147, 150], [147, 161], [172, 173], [172, 176]]}, "handle_generate_prd": {"executed_lines": [], "summary": {"covered_lines": 0, "num_statements": 13, "percent_covered": 0.0, "percent_covered_display": "0", "missing_lines": 13, "excluded_lines": 0, "percent_statements_covered": 0.0, "percent_statements_covered_display": "0", "num_branches": 6, "num_partial_branches": 0, "covered_branches": 0, "missing_branches": 6, "percent_branches_covered": 0.0, "percent_branches_covered_display": "0"}, "missing_lines": [219, 220, 223, 224, 225, 228, 229, 231, 232, 235, 238, 239, 241], "excluded_lines": [], "start_line": 214, "executed_branches": [], "missing_branches": [[224, 225], [224, 228], [228, 229], [228, 231], [231, 232], [231, 235]]}, "handle_match_experts": {"executed_lines": [], "summary": {"covered_lines": 0, "num_statements": 17, "percent_covered": 0.0, "percent_covered_display": "0", "missing_lines": 17, "excluded_lines": 0, "percent_statements_covered": 0.0, "percent_statements_covered_display": "0", "num_branches": 6, "num_partial_branches": 0, "covered_branches": 0, "missing_branches": 6, "percent_branches_covered": 0.0, "percent_branches_covered_display": "0"}, "missing_lines": [255, 256, 259, 260, 261, 264, 270, 271, 272, 273, 284, 287, 288, 289, 290, 291, 293], "excluded_lines": [], "start_line": 250, "executed_branches": [], "missing_branches": [[260, 261], [260, 264], [272, 273], [272, 287], [287, 288], [287, 293]]}, "handle_get_availability": {"executed_lines": [], "summary": {"covered_lines": 0, "num_statements": 8, "percent_covered": 0.0, "percent_covered_display": "0", "missing_lines": 8, "excluded_lines": 0, "percent_statements_covered": 0.0, "percent_statements_covered_display": "0", "num_branches": 2, "num_partial_branches": 0, "covered_branches": 0, "missing_branches": 2, "percent_branches_covered": 0.0, "percent_branches_covered_display": "0"}, "missing_lines": [305, 307, 308, 311, 312, 313, 316, 323], "excluded_lines": [], "start_line": 299, "executed_branches": [], "missing_branches": [[312, 313], [312, 316]]}, "handle_create_booking": {"executed_lines": [], "summary": {"covered_lines": 0, "num_statements": 8, "percent_covered": 0.0, "percent_covered_display": "0", "missing_lines": 8, "excluded_lines": 0, "percent_statements_covered": 0.0, "percent_statements_covered_display": "0", "num_branches": 2, "num_partial_branches": 0, "covered_branches": 0, "missing_branches": 2, "percent_branches_covered": 0.0, "percent_branches_covered_display": "0"}, "missing_lines": [338, 340, 341, 344, 345, 346, 349, 359], "excluded_lines": [], "start_line": 332, "executed_branches": [], "missing_branches": [[345, 346], [345, 349]]}, "": {"executed_lines": [2, 3, 4, 6, 7, 9, 10, 11, 12, 13, 14, 16, 19, 27, 30, 33, 41, 44, 214, 250, 299, 332], "summary": {"covered_lines": 22, "num_statements": 22, "percent_covered": 100.0, "percent_covered_display": "100", "missing_lines": 0, "excluded_lines": 0, "percent_statements_covered": 100.0, "percent_statements_covered_display": "100", "num_branches": 0, "num_partial_branches": 0, "covered_branches": 0, "missing_branches": 0, "percent_branches_covered": 100.0, "percent_branches_covered_display": "100"}, "missing_lines": [], "excluded_lines": [], "start_line": 1, "executed_branches": [], "missing_branches": []}}, "classes": {"WebSocketManager": {"executed_lines": [31], "summary": {"covered_lines": 1, "num_statements": 4, "percent_covered": 16.666666666666668, "percent_covered_display": "17", "missing_lines": 3, "excluded_lines": 0, "percent_statements_covered": 25.0, "percent_statements_covered_display": "25", "num_branches": 2, "num_partial_branches": 0, "covered_branches": 0, "missing_branches": 2, "percent_branches_covered": 0.0, "percent_branches_covered_display": "0"}, "missing_lines": [35, 36, 37], "excluded_lines": [], "start_line": 27, "executed_branches": [], "missing_branches": [[35, -33], [35, 36]]}, "": {"executed_lines": [2, 3, 4, 6, 7, 9, 10, 11, 12, 13, 14, 16, 19, 27, 30, 33, 41, 44, 214, 250, 299, 332], "summary": {"covered_lines": 22, "num_statements": 104, "percent_covered": 16.923076923076923, "percent_covered_display": "17", "missing_lines": 82, "excluded_lines": 0, "percent_statements_covered": 21.153846153846153, "percent_statements_covered_display": "21", "num_branches": 26, "num_partial_branches": 0, "covered_branches": 0, "missing_branches": 26, "percent_branches_covered": 0.0, "percent_branches_covered_display": "0"}, "missing_lines": [53, 56, 57, 58, 61, 68, 71, 72, 73, 80, 83, 84, 86, 91, 101, 102, 104, 131, 132, 135, 143, 144, 147, 150, 153, 154, 161, 168, 171, 172, 173, 176, 177, 180, 181, 187, 219, 220, 223, 224, 225, 228, 229, 231, 232, 235, 238, 239, 241, 255, 256, 259, 260, 261, 264, 270, 271, 272, 273, 284, 287, 288, 289, 290, 291, 293, 305, 307, 308, 311, 312, 313, 316, 323, 338, 340, 341, 344, 345, 346, 349, 359], "excluded_lines": [], "start_line": 1, "executed_branches": [], "missing_branches": [[57, 58], [57, 61], [72, 73], [72, 80], [84, 86], [84, 131], [147, 150], [147, 161], [172, 173], [172, 176], [224, 225], [224, 228], [228, 229], [228, 231], [231, 232], [231, 235], [260, 261], [260, 264], [272, 273], [272, 287], [287, 288], [287, 293], [312, 313], [312, 316], [345, 346], [345, 349]]}}}, "src/core/config.py": {"executed_lines": [2, 3, 5, 8, 12, 13, 14, 15, 18, 19, 20, 23, 26, 29, 30, 31, 34, 35, 38, 39, 40, 43, 44, 47, 48, 49, 50, 53, 54, 55, 56, 59, 62, 63, 64, 66, 71, 72, 74, 77], "summary": {"covered_lines": 40, "num_statements": 40, "percent_covered": 100.0, "percent_covered_display": "100", "missing_lines": 0, "excluded_lines": 0, "percent_statements_covered": 100.0, "percent_statements_covered_display": "100", "num_branches": 0, "num_partial_branches": 0, "covered_branches": 0, "missing_branches": 0, "percent_branches_covered": 100.0, "percent_branches_covered_display": "100"}, "missing_lines": [], "excluded_lines": [], "executed_branches": [], "missing_branches": [], "functions": {"get_settings": {"executed_lines": [74], "summary": {"covered_lines": 1, "num_statements": 1, "percent_covered": 100.0, "percent_covered_display": "100", "missing_lines": 0, "excluded_lines": 0, "percent_statements_covered": 100.0, "percent_statements_covered_display": "100", "num_branches": 0, "num_partial_branches": 0, "covered_branches": 0, "missing_branches": 0, "percent_branches_covered": 100.0, "percent_branches_covered_display": "100"}, "missing_lines": [], "excluded_lines": [], "start_line": 72, "executed_branches": [], "missing_branches": []}, "": {"executed_lines": [2, 3, 5, 8, 12, 13, 14, 15, 18, 19, 20, 23, 26, 29, 30, 31, 34, 35, 38, 39, 40, 43, 44, 47, 48, 49, 50, 53, 54, 55, 56, 59, 62, 63, 64, 66, 71, 72, 77], "summary": {"covered_lines": 39, "num_statements": 39, "percent_covered": 100.0, "percent_covered_display": "100", "missing_lines": 0, "excluded_lines": 0, "percent_statements_covered": 100.0, "percent_statements_covered_display": "100", "num_branches": 0, "num_partial_branches": 0, "covered_branches": 0, "missing_branches": 0, "percent_branches_covered": 100.0, "percent_branches_covered_display": "100"}, "missing_lines": [], "excluded_lines": [], "start_line": 1, "executed_branches": [], "missing_branches": []}}, "classes": {"Settings": {"executed_lines": [], "summary": {"covered_lines": 0, "num_statements": 0, "percent_covered": 100.0, "percent_covered_display": "100", "missing_lines": 0, "excluded_lines": 0, "percent_statements_covered": 100.0, "percent_statements_covered_display": "100", "num_branches": 0, "num_partial_branches": 0, "covered_branches": 0, "missing_branches": 0, "percent_branches_covered": 100.0, "percent_branches_covered_display": "100"}, "missing_lines": [], "excluded_lines": [], "start_line": 8, "executed_branches": [], "missing_branches": []}, "": {"executed_lines": [2, 3, 5, 8, 12, 13, 14, 15, 18, 19, 20, 23, 26, 29, 30, 31, 34, 35, 38, 39, 40, 43, 44, 47, 48, 49, 50, 53, 54, 55, 56, 59, 62, 63, 64, 66, 71, 72, 74, 77], "summary": {"covered_lines": 40, "num_statements": 40, "percent_covered": 100.0, "percent_covered_display": "100", "missing_lines": 0, "excluded_lines": 0, "percent_statements_covered": 100.0, "percent_statements_covered_display": "100", "num_branches": 0, "num_partial_branches": 0, "covered_branches": 0, "missing_branches": 0, "percent_branches_covered": 100.0, "percent_branches_covered_display": "100"}, "missing_lines": [], "excluded_lines": [], "start_line": 1, "executed_branches": [], "missing_branches": []}}}, "src/core/database.py": {"executed_lines": [2, 4, 5, 7, 10, 13, 17, 20, 21, 37, 46, 59], "summary": {"covered_lines": 12, "num_statements": 23, "percent_covered": 52.0, "percent_covered_display": "52", "missing_lines": 11, "excluded_lines": 0, "percent_statements_covered": 52.17391304347826, "percent_statements_covered_display": "52", "num_branches": 2, "num_partial_branches": 1, "covered_branches": 1, "missing_branches": 1, "percent_branches_covered": 50.0, "percent_branches_covered_display": "50"}, "missing_lines": [28, 48, 49, 50, 51, 52, 53, 54, 56, 61, 62], "excluded_lines": [], "executed_branches": [[20, 21]], "missing_branches": [[20, 28]], "functions": {"get_db": {"executed_lines": [], "summary": {"covered_lines": 0, "num_statements": 8, "percent_covered": 0.0, "percent_covered_display": "0", "missing_lines": 8, "excluded_lines": 0, "percent_statements_covered": 0.0, "percent_statements_covered_display": "0", "num_branches": 0, "num_partial_branches": 0, "covered_branches": 0, "missing_branches": 0, "percent_branches_covered": 100.0, "percent_branches_covered_display": "100"}, "missing_lines": [48, 49, 50, 51, 52, 53, 54, 56], "excluded_lines": [], "start_line": 46, "executed_branches": [], "missing_branches": []}, "init_db": {"executed_lines": [], "summary": {"covered_lines": 0, "num_statements": 2, "percent_covered": 0.0, "percent_covered_display": "0", "missing_lines": 2, "excluded_lines": 0, "percent_statements_covered": 0.0, "percent_statements_covered_display": "0", "num_branches": 0, "num_partial_branches": 0, "covered_branches": 0, "missing_branches": 0, "percent_branches_covered": 100.0, "percent_branches_covered_display": "100"}, "missing_lines": [61, 62], "excluded_lines": [], "start_line": 59, "executed_branches": [], "missing_branches": []}, "": {"executed_lines": [2, 4, 5, 7, 10, 13, 17, 20, 21, 37, 46, 59], "summary": {"covered_lines": 12, "num_statements": 13, "percent_covered": 86.66666666666667, "percent_covered_display": "87", "missing_lines": 1, "excluded_lines": 0, "percent_statements_covered": 92.3076923076923, "percent_statements_covered_display": "92", "num_branches": 2, "num_partial_branches": 1, "covered_branches": 1, "missing_branches": 1, "percent_branches_covered": 50.0, "percent_branches_covered_display": "50"}, "missing_lines": [28], "excluded_lines": [], "start_line": 1, "executed_branches": [[20, 21]], "missing_branches": [[20, 28]]}}, "classes": {"Base": {"executed_lines": [], "summary": {"covered_lines": 0, "num_statements": 0, "percent_covered": 100.0, "percent_covered_display": "100", "missing_lines": 0, "excluded_lines": 0, "percent_statements_covered": 100.0, "percent_statements_covered_display": "100", "num_branches": 0, "num_partial_branches": 0, "covered_branches": 0, "missing_branches": 0, "percent_branches_covered": 100.0, "percent_branches_covered_display": "100"}, "missing_lines": [], "excluded_lines": [], "start_line": 10, "executed_branches": [], "missing_branches": []}, "": {"executed_lines": [2, 4, 5, 7, 10, 13, 17, 20, 21, 37, 46, 59], "summary": {"covered_lines": 12, "num_statements": 23, "percent_covered": 52.0, "percent_covered_display": "52", "missing_lines": 11, "excluded_lines": 0, "percent_statements_covered": 52.17391304347826, "percent_statements_covered_display": "52", "num_branches": 2, "num_partial_branches": 1, "covered_branches": 1, "missing_branches": 1, "percent_branches_covered": 50.0, "percent_branches_covered_display": "50"}, "missing_lines": [28, 48, 49, 50, 51, 52, 53, 54, 56, 61, 62], "excluded_lines": [], "start_line": 1, "executed_branches": [[20, 21]], "missing_branches": [[20, 28]]}}}, "src/core/exception_handlers.py": {"executed_lines": [2, 4, 5, 6, 7, 8, 10, 11, 14, 20, 23, 62, 91, 112, 149, 172, 174, 175, 176, 177, 178], "summary": {"covered_lines": 21, "num_statements": 65, "percent_covered": 23.59550561797753, "percent_covered_display": "24", "missing_lines": 44, "excluded_lines": 0, "percent_statements_covered": 32.30769230769231, "percent_statements_covered_display": "32", "num_branches": 24, "num_partial_branches": 0, "covered_branches": 0, "missing_branches": 24, "percent_branches_covered": 0.0, "percent_branches_covered_display": "0"}, "missing_lines": [28, 31, 32, 33, 34, 42, 50, 51, 56, 64, 72, 73, 74, 75, 76, 77, 78, 79, 80, 81, 82, 83, 85, 93, 100, 101, 106, 114, 121, 122, 123, 124, 126, 127, 128, 130, 137, 138, 143, 151, 153, 160, 161, 166], "excluded_lines": [], "executed_branches": [], "missing_branches": [[32, 33], [32, 42], [50, 51], [50, 56], [72, 73], [72, 74], [74, 75], [74, 76], [76, 77], [76, 78], [78, 79], [78, 80], [80, 81], [80, 82], [82, 83], [82, 85], [100, 101], [100, 106], [121, 122], [121, 126], [137, 138], [137, 143], [160, 161], [160, 166]], "functions": {"validation_exception_handler": {"executed_lines": [], "summary": {"covered_lines": 0, "num_statements": 9, "percent_covered": 0.0, "percent_covered_display": "0", "missing_lines": 9, "excluded_lines": 0, "percent_statements_covered": 0.0, "percent_statements_covered_display": "0", "num_branches": 4, "num_partial_branches": 0, "covered_branches": 0, "missing_branches": 4, "percent_branches_covered": 0.0, "percent_branches_covered_display": "0"}, "missing_lines": [28, 31, 32, 33, 34, 42, 50, 51, 56], "excluded_lines": [], "start_line": 23, "executed_branches": [], "missing_branches": [[32, 33], [32, 42], [50, 51], [50, 56]]}, "http_exception_handler": {"executed_lines": [], "summary": {"covered_lines": 0, "num_statements": 14, "percent_covered": 0.0, "percent_covered_display": "0", "missing_lines": 14, "excluded_lines": 0, "percent_statements_covered": 0.0, "percent_statements_covered_display": "0", "num_branches": 12, "num_partial_branches": 0, "covered_branches": 0, "missing_branches": 12, "percent_branches_covered": 0.0, "percent_branches_covered_display": "0"}, "missing_lines": [64, 72, 73, 74, 75, 76, 77, 78, 79, 80, 81, 82, 83, 85], "excluded_lines": [], "start_line": 62, "executed_branches": [], "missing_branches": [[72, 73], [72, 74], [74, 75], [74, 76], [76, 77], [76, 78], [78, 79], [78, 80], [80, 81], [80, 82], [82, 83], [82, 85]]}, "unobot_exception_handler": {"executed_lines": [], "summary": {"covered_lines": 0, "num_statements": 4, "percent_covered": 0.0, "percent_covered_display": "0", "missing_lines": 4, "excluded_lines": 0, "percent_statements_covered": 0.0, "percent_statements_covered_display": "0", "num_branches": 2, "num_partial_branches": 0, "covered_branches": 0, "missing_branches": 2, "percent_branches_covered": 0.0, "percent_branches_covered_display": "0"}, "missing_lines": [93, 100, 101, 106], "excluded_lines": [], "start_line": 91, "executed_branches": [], "missing_branches": [[100, 101], [100, 106]]}, "database_exception_handler": {"executed_lines": [], "summary": {"covered_lines": 0, "num_statements": 12, "percent_covered": 0.0, "percent_covered_display": "0", "missing_lines": 12, "excluded_lines": 0, "percent_statements_covered": 0.0, "percent_statements_covered_display": "0", "num_branches": 4, "num_partial_branches": 0, "covered_branches": 0, "missing_branches": 4, "percent_branches_covered": 0.0, "percent_branches_covered_display": "0"}, "missing_lines": [114, 121, 122, 123, 124, 126, 127, 128, 130, 137, 138, 143], "excluded_lines": [], "start_line": 112, "executed_branches": [], "missing_branches": [[121, 122], [121, 126], [137, 138], [137, 143]]}, "external_service_exception_handler": {"executed_lines": [], "summary": {"covered_lines": 0, "num_statements": 5, "percent_covered": 0.0, "percent_covered_display": "0", "missing_lines": 5, "excluded_lines": 0, "percent_statements_covered": 0.0, "percent_statements_covered_display": "0", "num_branches": 2, "num_partial_branches": 0, "covered_branches": 0, "missing_branches": 2, "percent_branches_covered": 0.0, "percent_branches_covered_display": "0"}, "missing_lines": [151, 153, 160, 161, 166], "excluded_lines": [], "start_line": 149, "executed_branches": [], "missing_branches": [[160, 161], [160, 166]]}, "register_exception_handlers": {"executed_lines": [174, 175, 176, 177, 178], "summary": {"covered_lines": 5, "num_statements": 5, "percent_covered": 100.0, "percent_covered_display": "100", "missing_lines": 0, "excluded_lines": 0, "percent_statements_covered": 100.0, "percent_statements_covered_display": "100", "num_branches": 0, "num_partial_branches": 0, "covered_branches": 0, "missing_branches": 0, "percent_branches_covered": 100.0, "percent_branches_covered_display": "100"}, "missing_lines": [], "excluded_lines": [], "start_line": 172, "executed_branches": [], "missing_branches": []}, "": {"executed_lines": [2, 4, 5, 6, 7, 8, 10, 11, 14, 20, 23, 62, 91, 112, 149, 172], "summary": {"covered_lines": 16, "num_statements": 16, "percent_covered": 100.0, "percent_covered_display": "100", "missing_lines": 0, "excluded_lines": 0, "percent_statements_covered": 100.0, "percent_statements_covered_display": "100", "num_branches": 0, "num_partial_branches": 0, "covered_branches": 0, "missing_branches": 0, "percent_branches_covered": 100.0, "percent_branches_covered_display": "100"}, "missing_lines": [], "excluded_lines": [], "start_line": 1, "executed_branches": [], "missing_branches": []}}, "classes": {"": {"executed_lines": [2, 4, 5, 6, 7, 8, 10, 11, 14, 20, 23, 62, 91, 112, 149, 172, 174, 175, 176, 177, 178], "summary": {"covered_lines": 21, "num_statements": 65, "percent_covered": 23.59550561797753, "percent_covered_display": "24", "missing_lines": 44, "excluded_lines": 0, "percent_statements_covered": 32.30769230769231, "percent_statements_covered_display": "32", "num_branches": 24, "num_partial_branches": 0, "covered_branches": 0, "missing_branches": 24, "percent_branches_covered": 0.0, "percent_branches_covered_display": "0"}, "missing_lines": [28, 31, 32, 33, 34, 42, 50, 51, 56, 64, 72, 73, 74, 75, 76, 77, 78, 79, 80, 81, 82, 83, 85, 93, 100, 101, 106, 114, 121, 122, 123, 124, 126, 127, 128, 130, 137, 138, 143, 151, 153,
[...]
overed_lines": 0, "num_statements": 15, "percent_covered": 0.0, "percent_covered_display": "0", "missing_lines": 15, "excluded_lines": 0, "percent_statements_covered": 0.0, "percent_statements_covered_display": "0", "num_branches": 4, "num_partial_branches": 0, "covered_branches": 0, "missing_branches": 4, "percent_branches_covered": 0.0, "percent_branches_covered_display": "0"}, "missing_lines": [746, 749, 755, 756, 757, 770, 771, 772, 773, 774, 775, 776, 777, 779, 781], "excluded_lines": [], "start_line": 737, "executed_branches": [], "missing_branches": [[756, 757], [756, 770], [770, 771], [770, 781]]}, "SessionService._check_ambiguity": {"executed_lines": [789, 790, 794, 796, 797, 799, 800, 804, 814, 815, 816, 820, 821, 822, 825, 827, 829, 832, 834, 835, 837], "summary": {"covered_lines": 21, "num_statements": 21, "percent_covered": 92.6829268292683, "percent_covered_display": "93", "missing_lines": 0, "excluded_lines": 0, "percent_statements_covered": 100.0, "percent_statements_covered_display": "100", "num_branches": 20, "num_partial_branches": 3, "covered_branches": 17, "missing_branches": 3, "percent_branches_covered": 85.0, "percent_branches_covered_display": "85"}, "missing_lines": [], "excluded_lines": [], "start_line": 783, "executed_branches": [[794, 796], [794, 804], [796, 797], [796, 799], [799, 800], [799, 804], [814, 815], [814, 820], [815, 814], [815, 816], [821, 822], [821, 837], [825, 827], [825, 832], [827, 829], [832, 834], [834, 835]], "missing_branches": [[827, 832], [832, 837], [834, 837]]}, "SessionService._generate_clarification_response": {"executed_lines": [850, 851, 854, 898, 905, 906], "summary": {"covered_lines": 6, "num_statements": 6, "percent_covered": 100.0, "percent_covered_display": "100", "missing_lines": 0, "excluded_lines": 0, "percent_statements_covered": 100.0, "percent_statements_covered_display": "100", "num_branches": 0, "num_partial_branches": 0, "covered_branches": 0, "missing_branches": 0, "percent_branches_covered": 100.0, "percent_branches_covered_display": "100"}, "missing_lines": [], "excluded_lines": [], "start_line": 839, "executed_branches": [], "missing_branches": []}, "SessionService._generate_streaming_response": {"executed_lines": [], "summary": {"covered_lines": 0, "num_statements": 4, "percent_covered": 0.0, "percent_covered_display": "0", "missing_lines": 4, "excluded_lines": 0, "percent_statements_covered": 0.0, "percent_statements_covered_display": "0", "num_branches": 2, "num_partial_branches": 0, "covered_branches": 0, "missing_branches": 2, "percent_branches_covered": 0.0, "percent_branches_covered_display": "0"}, "missing_lines": [912, 915, 918, 920], "excluded_lines": [], "start_line": 908, "executed_branches": [], "missing_branches": [[915, 918], [915, 920]]}, "": {"executed_lines": [2, 3, 4, 5, 7, 8, 9, 11, 12, 19, 20, 21, 26, 27, 29, 32, 35, 40, 98, 161, 210, 218, 243, 252, 265, 276, 286, 321, 400, 576, 625, 658, 729, 737, 783, 839, 908], "summary": {"covered_lines": 37, "num_statements": 37, "percent_covered": 100.0, "percent_covered_display": "100", "missing_lines": 0, "excluded_lines": 0, "percent_statements_covered": 100.0, "percent_statements_covered_display": "100", "num_branches": 0, "num_partial_branches": 0, "covered_branches": 0, "missing_branches": 0, "percent_branches_covered": 100.0, "percent_branches_covered_display": "100"}, "missing_lines": [], "excluded_lines": [], "start_line": 1, "executed_branches": [], "missing_branches": []}}, "classes": {"SessionService": {"executed_lines": [36, 37, 38, 43, 44, 45, 47, 49, 58, 59, 63, 65, 71, 74, 84, 85, 87, 90, 91, 96, 106, 107, 108, 113, 120, 123, 124, 159, 212, 213, 214, 216, 223, 226, 229, 236, 237, 238, 240, 241, 245, 250, 254, 255, 256, 257, 258, 260, 262, 263, 267, 268, 269, 270, 271, 273, 274, 280, 281, 282, 284, 299, 300, 301, 302, 303, 304, 305, 306, 307, 308, 312, 313, 314, 317, 319, 326, 327, 336, 339, 340, 342, 347, 354, 355, 356, 357, 402, 403, 406, 429, 430, 431, 432, 441, 445, 451, 453, 454, 465, 466, 467, 476, 477, 478, 479, 487, 488, 489, 490, 498, 499, 507, 508, 516, 517, 522, 523, 531, 532, 538, 539, 547, 548, 554, 562, 563, 564, 573, 574, 578, 581, 582, 583, 585, 589, 591, 593, 597, 598, 606, 607, 615, 619, 622, 623, 627, 631, 632, 633, 636, 637, 638, 639, 641, 644, 653, 654, 655, 789, 790, 794, 796, 797, 799, 800, 804, 814, 815, 816, 820, 821, 822, 825, 827, 829, 832, 834, 835, 837, 850, 851, 854, 898, 905, 906], "summary": {"covered_lines": 186, "num_statements": 332, "percent_covered": 51.35658914728682, "percent_covered_display": "51", "missing_lines": 146, "excluded_lines": 0, "percent_statements_covered": 56.024096385542165, "percent_statements_covered_display": "56", "num_branches": 184, "num_partial_branches": 45, "covered_branches": 79, "missing_branches": 105, "percent_branches_covered": 42.93478260869565, "percent_branches_covered_display": "43"}, "missing_lines": [66, 68, 110, 163, 164, 166, 169, 170, 171, 174, 197, 198, 206, 208, 227, 328, 361, 362, 365, 373, 378, 379, 380, 382, 384, 387, 394, 395, 396, 398, 409, 410, 413, 415, 416, 417, 419, 421, 422, 426, 433, 434, 438, 456, 457, 458, 462, 468, 469, 473, 480, 484, 491, 495, 509, 513, 524, 528, 540, 544, 549, 553, 555, 559, 565, 566, 570, 584, 586, 590, 592, 594, 599, 600, 601, 602, 604, 608, 609, 610, 611, 613, 616, 628, 656, 663, 666, 669, 670, 671, 672, 675, 676, 677, 678, 681, 682, 683, 684, 687, 689, 690, 691, 694, 695, 696, 697, 700, 701, 702, 703, 706, 708, 710, 711, 712, 715, 717, 719, 720, 721, 724, 725, 727, 731, 734, 735, 746, 749, 755, 756, 757, 770, 771, 772, 773, 774, 775, 776, 777, 779, 781, 912, 915, 918, 920], "excluded_lines": [], "start_line": 32, "executed_branches": [[65, 71], [106, 107], [108, 113], [123, 124], [123, 159], [226, 229], [299, 300], [299, 301], [301, 302], [301, 303], [303, 304], [303, 305], [305, 306], [307, 308], [307, 312], [327, 336], [340, 342], [406, 429], [429, 430], [432, 441], [441, 445], [451, 453], [451, 465], [454, 451], [465, 466], [467, 476], [476, 477], [478, 479], [478, 487], [479, 478], [487, 488], [490, 498], [498, 499], [507, 508], [507, 516], [508, 507], [516, 517], [522, 523], [522, 531], [523, 522], [531, 532], [538, 539], [538, 547], [539, 538], [547, 548], [548, 554], [554, 562], [562, 563], [564, 573], [581, 582], [583, 585], [585, 589], [589, 591], [591, 593], [593, 597], [598, 606], [607, 615], [615, 619], [622, 623], [627, 631], [653, 654], [655, -625], [794, 796], [794, 804], [796, 797], [796, 799], [799, 800], [799, 804], [814, 815], [814, 820], [815, 814], [815, 816], [821, 822], [821, 837], [825, 827], [825, 832], [827, 829], [832, 834], [834, 835]], "missing_branches": [[65, 66], [106, 113], [108, 110], [197, 198], [197, 208], [226, 227], [305, 307], [327, 328], [340, 361], [379, 380], [379, 384], [406, 409], [410, 413], [410, 429], [416, 417], [416, 419], [421, 422], [421, 429], [429, 441], [432, 433], [441, 465], [454, 456], [457, 451], [457, 458], [465, 476], [467, 468], [476, 487], [479, 480], [487, 498], [490, 491], [498, 516], [508, 509], [516, 531], [523, 524], [531, 547], [539, 540], [547, 562], [548, 549], [554, 555], [562, 573], [564, 565], [581, 583], [583, 584], [585, 586], [589, 590], [591, 592], [593, 594], [598, 599], [599, 600], [599, 601], [601, 602], [601, 604], [607, 608], [608, 609], [608, 610], [610, 611], [610, 613], [615, 616], [622, -576], [627, 628], [653, -625], [655, 656], [669, 670], [669, 675], [670, 671], [670, 672], [675, 676], [675, 681], [676, 677], [676, 678], [681, 682], [681, 687], [682, 683], [682, 684], [687, 689], [687, 694], [689, 690], [689, 691], [694, 695], [694, 700], [695, 696], [695, 697], [700, 701], [700, 706], [701, 702], [701, 703], [706, 708], [706, 715], [710, 711], [710, 712], [715, 717], [715, 724], [719, 720], [719, 721], [724, 725], [724, 727], [756, 757], [756, 770], [770, 771], [770, 781], [827, 832], [832, 837], [834, 837], [915, 918], [915, 920]]}, "": {"executed_lines": [2, 3, 4, 5, 7, 8, 9, 11, 12, 19, 20, 21, 26, 27, 29, 32, 35, 40, 98, 161, 210, 218, 243, 252, 265, 276, 286, 321, 400, 576, 625, 658, 729, 737, 783, 839, 908], "summary": {"covered_lines": 37, "num_statements": 37, "percent_covered": 100.0, "percent_covered_display": "100", "missing_lines": 0, "excluded_lines": 0, "percent_statements_covered": 100.0, "percent_statements_covered_display": "100", "num_branches": 0, "num_partial_branches": 0, "covered_branches": 0, "missing_branches": 0, "percent_branches_covered": 100.0, "percent_branches_covered_display": "100"}, "missing_lines": [], "excluded_lines": [], "start_line": 1, "executed_branches": [], "missing_branches": []}}}, "src/services/template_service.py": {"executed_lines": [2, 4, 5, 7, 8, 15, 18, 19, 21, 35, 45, 53, 63, 65, 70, 71, 73, 75, 79, 80, 100, 122, 132, 140, 147], "summary": {"covered_lines": 25, "num_statements": 80, "percent_covered": 26.470588235294116, "percent_covered_display": "26", "missing_lines": 55, "excluded_lines": 0, "percent_statements_covered": 31.25, "percent_statements_covered_display": "31", "num_branches": 22, "num_partial_branches": 2, "covered_branches": 2, "missing_branches": 20, "percent_branches_covered": 9.090909090909092, "percent_branches_covered_display": "9"}, "missing_lines": [26, 27, 29, 30, 31, 32, 33, 37, 40, 41, 42, 43, 47, 50, 51, 55, 60, 61, 72, 83, 92, 95, 96, 98, 104, 105, 106, 108, 111, 112, 114, 115, 117, 118, 119, 120, 124, 125, 126, 128, 129, 130, 134, 135, 136, 137, 138, 142, 145, 149, 152, 153, 154, 155, 156], "excluded_lines": [], "executed_branches": [[71, 73], [79, 80]], "missing_branches": [[26, 27], [26, 29], [41, 42], [41, 43], [71, 72], [79, 83], [95, 96], [95, 98], [105, 106], [105, 108], [111, 112], [111, 114], [114, 115], [114, 117], [125, 126], [125, 128], [135, -132], [135, 136], [153, 154], [153, 156]], "functions": {"TemplateService.__init__": {"executed_lines": [19], "summary": {"covered_lines": 1, "num_statements": 1, "percent_covered": 100.0, "percent_covered_display": "100", "missing_lines": 0, "excluded_lines": 0, "percent_statements_covered": 100.0, "percent_statements_covered_display": "100", "num_branches": 0, "num_partial_branches": 0, "covered_branches": 0, "missing_branches": 0, "percent_branches_covered": 100.0, "percent_branches_covered_display": "100"}, "missing_lines": [], "excluded_lines": [], "start_line": 18, "executed_branches": [], "missing_branches": []}, "TemplateService.create_template": {"executed_lines": [], "summary": {"covered_lines": 0, "num_statements": 7, "percent_covered": 0.0, "percent_covered_display": "0", "missing_lines": 7, "excluded_lines": 0, "percent_statements_covered": 0.0, "percent_statements_covered_display": "0", "num_branches": 2, "num_partial_branches": 0, "covered_branches": 0, "missing_branches": 2, "percent_branches_covered": 0.0, "percent_branches_covered_display": "0"}, "missing_lines": [26, 27, 29, 30, 31, 32, 33], "excluded_lines": [], "start_line": 21, "executed_branches": [], "missing_branches": [[26, 27], [26, 29]]}, "TemplateService.get_template": {"executed_lines": [], "summary": {"covered_lines": 0, "num_statements": 5, "percent_covered": 0.0, "percent_covered_display": "0", "missing_lines": 5, "excluded_lines": 0, "percent_statements_covered": 0.0, "percent_statements_covered_display": "0", "num_branches": 2, "num_partial_branches": 0, "covered_branches": 0, "missing_branches": 2, "percent_branches_covered": 0.0, "percent_branches_covered_display": "0"}, "missing_lines": [37, 40, 41, 42, 43], "excluded_lines": [], "start_line": 35, "executed_branches": [], "missing_branches": [[41, 42], [41, 43]]}, "TemplateService.get_all_templates": {"executed_lines": [], "summary": {"covered_lines": 0, "num_statements": 3, "percent_covered": 0.0, "percent_covered_display": "0", "missing_lines": 3, "excluded_lines": 0, "percent_statements_covered": 0.0, "percent_statements_covered_display": "0", "num_branches": 0, "num_partial_branches": 0, "covered_branches": 0, "missing_branches": 0, "percent_branches_covered": 100.0, "percent_branches_covered_display": "100"}, "missing_lines": [47, 50, 51], "excluded_lines": [], "start_line": 45, "executed_branches": [], "missing_branches": []}, "TemplateService.get_active_templates": {"executed_lines": [], "summary": {"covered_lines": 0, "num_statements": 3, "percent_covered": 0.0, "percent_covered_display": "0", "missing_lines": 3, "excluded_lines": 0, "percent_statements_covered": 0.0, "percent_statements_covered_display": "0", "num_branches": 0, "num_partial_branches": 0, "covered_branches": 0, "missing_branches": 0, "percent_branches_covered": 100.0, "percent_branches_covered_display": "100"}, "missing_lines": [55, 60, 61], "excluded_lines": [], "start_line": 53, "executed_branches": [], "missing_branches": []}, "TemplateService.get_default_template": {"executed_lines": [65, 70, 71, 73], "summary": {"covered_lines": 4, "num_statements": 5, "percent_covered": 71.42857142857143, "percent_covered_display": "71", "missing_lines": 1, "excluded_lines": 0, "percent_statements_covered": 80.0, "percent_statements_covered_display": "80", "num_branches": 2, "num_partial_branches": 1, "covered_branches": 1, "missing_branches": 1, "percent_branches_covered": 50.0, "percent_branches_covered_display": "50"}, "missing_lines": [72], "excluded_lines": [], "start_line": 63, "executed_branches": [[71, 73]], "missing_branches": [[71, 72]]}, "TemplateService.get_template_for_industry": {"executed_lines": [79, 80], "summary": {"covered_lines": 2, "num_statements": 7, "percent_covered": 27.272727272727273, "percent_covered_display": "27", "missing_lines": 5, "excluded_lines": 0, "percent_statements_covered": 28.571428571428573, "percent_statements_covered_display": "29", "num_branches": 4, "num_partial_branches": 1, "covered_branches": 1, "missing_branches": 3, "percent_branches_covered": 25.0, "percent_branches_covered_display": "25"}, "missing_lines": [83, 92, 95, 96, 98], "excluded_lines": [], "start_line": 75, "executed_branches": [[79, 80]], "missing_branches": [[79, 83], [95, 96], [95, 98]]}, "TemplateService.update_template": {"executed_lines": [], "summary": {"covered_lines": 0, "num_statements": 12, "percent_covered": 0.0, "percent_covered_display": "0", "missing_lines": 12, "excluded_lines": 0, "percent_statements_covered": 0.0, "percent_statements_covered_display": "0", "num_branches": 6, "num_partial_branches": 0, "covered_branches": 0, "missing_branches": 6, "percent_branches_covered": 0.0, "percent_branches_covered_display": "0"}, "missing_lines": [104, 105, 106, 108, 111, 112, 114, 115, 117, 118, 119, 120], "excluded_lines": [], "start_line": 100, "executed_branches": [], "missing_branches": [[105, 106], [105, 108], [111, 112], [111, 114], [114, 115], [114, 117]]}, "TemplateService.delete_template": {"executed_lines": [], "summary": {"covered_lines": 0, "num_statements": 6, "percent_covered": 0.0, "percent_covered_display": "0", "missing_lines": 6, "excluded_lines": 0, "percent_statements_covered": 0.0, "percent_statements_covered_display": "0", "num_branches": 2, "num_partial_branches": 0, "covered_branches": 0, "missing_branches": 2, "percent_branches_covered": 0.0, "percent_branches_covered_display": "0"}, "missing_lines": [124, 125, 126, 128, 129, 130], "excluded_lines": [], "start_line": 122, "executed_branches": [], "missing_branches": [[125, 126], [125, 128]]}, "TemplateService.increment_use_count": {"executed_lines": [], "summary": {"covered_lines": 0, "num_statements": 5, "percent_covered": 0.0, "percent_covered_display": "0", "missing_lines": 5, "excluded_lines": 0, "percent_statements_covered": 0.0, "percent_statements_covered_display": "0", "num_branches": 2, "num_partial_branches": 0, "covered_branches": 0, "missing_branches": 2, "percent_branches_covered": 0.0, "percent_branches_covered_display": "0"}, "missing_lines": [134, 135, 136, 137, 138], "excluded_lines": [], "start_line": 132, "executed_branches": [], "missing_branches": [[135, -132], [135, 136]]}, "TemplateService._get_template_model": {"executed_lines": [], "summary": {"covered_lines": 0, "num_statements": 2, "percent_covered": 0.0, "percent_covered_display": "0", "missing_lines": 2, "excluded_lines": 0, "percent_statements_covered": 0.0, "percent_statements_covered_display": "0", "num_branches": 0, "num_partial_branches": 0, "covered_branches": 0, "missing_branches": 0, "percent_branches_covered": 100.0, "percent_branches_covered_display": "100"}, "missing_lines": [142, 145], "excluded_lines": [], "start_line": 140, "executed_branches": [], "missing_branches": []}, "TemplateService._unset_all_defaults": {"executed_lines": [], "summary": {"covered_lines": 0, "num_statements": 6, "percent_covered": 0.0, "percent_covered_display": "0", "missing_lines": 6, "excluded_lines": 0, "percent_statements_covered": 0.0, "percent_statements_covered_display": "0", "num_branches": 2, "num_partial_branches": 0, "covered_branches": 0, "missing_branches": 2, "percent_branches_covered": 0.0, "percent_branches_covered_display": "0"}, "missing_lines": [149, 152, 153, 154, 155, 156], "excluded_lines": [], "start_line": 147, "executed_branches": [], "missing_branches": [[153, 154], [153, 156]]}, "": {"executed_lines": [2, 4, 5, 7, 8, 15, 18, 21, 35, 45, 53, 63, 75, 100, 122, 132, 140, 147], "summary": {"covered_lines": 18, "num_statements": 18, "percent_covered": 100.0, "percent_covered_display": "100", "missing_lines": 0, "excluded_lines": 0, "percent_statements_covered": 100.0, "percent_statements_covered_display": "100", "num_branches": 0, "num_partial_branches": 0, "covered_branches": 0, "missing_branches": 0, "percent_branches_covered": 100.0, "percent_branches_covered_display": "100"}, "missing_lines": [], "excluded_lines": [], "start_line": 1, "executed_branches": [], "missing_branches": []}}, "classes": {"TemplateService": {"executed_lines": [19, 65, 70, 71, 73, 79, 80], "summary": {"covered_lines": 7, "num_statements": 62, "percent_covered": 10.714285714285714, "percent_covered_display": "11", "missing_lines": 55, "excluded_lines": 0, "percent_statements_covered": 11.290322580645162, "percent_statements_covered_display": "11", "num_branches": 22, "num_partial_branches": 2, "covered_branches": 2, "missing_branches": 20, "percent_branches_covered": 9.090909090909092, "percent_branches_covered_display": "9"}, "missing_lines": [26, 27, 29, 30, 31, 32, 33, 37, 40, 41, 42, 43, 47, 50, 51, 55, 60, 61, 72, 83, 92, 95, 96, 98, 104, 105, 106, 108, 111, 112, 114, 115, 117, 118, 119, 120, 124, 125, 126, 128, 129, 130, 134, 135, 136, 137, 138, 142, 145, 149, 152, 153, 154, 155, 156], "excluded_lines": [], "start_line": 15, "executed_branches": [[71, 73], [79, 80]], "missing_branches": [[26, 27], [26, 29], [41, 42], [41, 43], [71, 72], [79, 83], [95, 96], [95, 98], [105, 106], [105, 108], [111, 112], [111, 114], [114, 115], [114, 117], [125, 126], [125, 128], [135, -132], [135, 136], [153, 154], [153, 156]]}, "": {"executed_lines": [2, 4, 5, 7, 8, 15, 18, 21, 35, 45, 53, 63, 75, 100, 122, 132, 140, 147], "summary": {"covered_lines": 18, "num_statements": 18, "percent_covered": 100.0, "percent_covered_display": "100", "missing_lines": 0, "excluded_lines": 0, "percent_statements_covered": 100.0, "percent_statements_covered_display": "100", "num_branches": 0, "num_partial_branches": 0, "covered_branches": 0, "missing_branches": 0, "percent_branches_covered": 100.0, "percent_branches_covered_display": "100"}, "missing_lines": [], "excluded_lines": [], "start_line": 1, "executed_branches": [], "missing_branches": []}}}}, "totals": {"covered_lines": 1585, "num_statements": 3729, "percent_covered": 37.86804212336127, "percent_covered_display": "38", "missing_lines": 2144, "excluded_lines": 14, "percent_statements_covered": 42.504692947170824, "percent_statements_covered_display": "43", "num_branches": 924, "num_partial_branches": 85, "covered_branches": 177, "missing_branches": 747, "percent_branches_covered": 19.155844155844157, "percent_branches_covered_display": "19"}}